 "NLCI: a natural language command interpreter"  $ "Landhäußer M., Weigelt S., Tichy W.F."  $ reviewer2 $ ()
 "SamzaSQL: Scalable fast data management with streaming SQL"  $ "Pathirage M., Hyde J., Pan Y., Plale B."  $ reviewer2 $ (1,)
 "A cooperative approach for combining client-based and library-based API usage pattern mining"  $ "Saied M.A., Sahraoui H."  $ reviewer2 $ ()
 "Generic drone control platform for autonomous capture of cinema scenes"  $ "Fleureau J., Galvane Q., Tariolle F.-L., Guillotel P."  $ reviewer2 $ (1,)
 "Rethinking high performance computing platforms: Challenges, opportunities and recommendations"  $ "Weidner O., Atkinson M., Barker A., Vicente R.F."  $ reviewer2 $ (1,)
 "Improving localization accuracy of android's Fused Location Provider API using Kalman Filter"  $ "Gurram B., Giri N."  $ reviewer2 $ (1,)
 "Linking usage tutorials into API client code"  $ "Wu N., Hou D., Liu Q."  $ reviewer2 $ ()
 "Node.DPWS: Efficient Web Services for the Internet of Things"  $ "Fysarakis K., Mylonakis D., Manifavas C., Papaefstathiou I."  $ reviewer2 $ (1,)
 "A study of modern Linux API usage and compatibility: What to support when you're supporting"  $ "Tsai C.-C., Jain B., Abdul N.A., Porter D.E."  $ reviewer2 $ ()
 "AspectDroid: Android app analysis system"  $ "Ali-Gombe A., Ahmed I., Richard G.G., III, Roussev V."  $ reviewer2 $ (1,)
 "Mining API expertise profiles with Partial Program Analysis"  $ "Mani S., Padhye R., Sinha V.S."  $ reviewer2 $ (1,)
 "Recommending API usages for mobile apps with hidden Markov model"  $ "Nguyen T.T., Pham H.V., Vu P.M., Nguyen T.T."  $ reviewer2 $ ()
 "Inferring web API descriptions from usage data"  $ "Suter P., Wittern E."  $ reviewer2 $ (1,)
 "Towards automated bounded model checking of API implementations"  $ "Neville D., Malton A., Brain M., Kroening D."  $ reviewer2 $ (1,)
 "UML-based model-driven REST API development"  $ "Rossi D."  $ reviewer2 $ (1,)
 "Software library for ciphertext/key-policy functional encryption with simple usability"  $ "Hasegawa K., Kanayama N., Nishide T., Okamoto E."  $ reviewer2 $ (0,)
 "SSG: Sensor security guard for android smartphones"  $ "Li B., Zhang Y., Lyu C., Li J., Gu D."  $ reviewer2 $ (1,)
 "An exploratory study of api changes and usages based on apache and eclipse ecosystems"  $ "Wu W., Khomh F., Adams B., Guéhéneuc Y.-G., Antoniol G."  $ reviewer2 $ ()
 "ECO ECO: Changing climate related behaviors for cellphone-based videogames"  $ "Zou Y.R., Mustafa N., Memon N.A., Eid M."  $ reviewer2 $ ()
 "Recommending reference API documentation"  $ "Robillard M.P., Chhetri Y.B."  $ reviewer2 $ ()
 "Visualization based API usage patterns refining"  $ "Saied M.A., Benomar O., Sahraoui H."  $ reviewer2 $ ()
 "VDJtools: Unifying Post-analysis of T Cell Receptor Repertoires"  $ "Shugay M., Bagaev D.V., Turchaninova M.A., Bolotin D.A., Britanova O.V., Putintseva E.V., Pogorelyy M.V., Nazarov V.I., Zvyagin I.V., Kirgizova V.I., Kirgizov K.I., Skorobogatova E.V., Chudakov D.M."  $ reviewer2 $ (1,)
 "Android Malware Detection Based on Static Analysis of Characteristic Tree"  $ "Li Q., Li X."  $ reviewer2 $ ()
 "DLS 2015 - Proceedings of the 11th Symposium on Dynamic Languages"  $ "[No author name available]"  $ reviewer2 $ (2,)
 "Computing framework for dynamic integration of reconfigurable resources in a cloud"  $ "Knodel O., Spallek R.G."  $ reviewer2 $ (1,)
 "Performance Analysis for Target Devices with the OpenMP Tools Interface"  $ "Cramer T., Dietrich R., Terboven C., Müller M.S., Nagel W.E."  $ reviewer2 $ (1,)
 "Multiple ontology workspace management and performance assessment"  $ "Xu X., Luis G.M., Lobov A., Lastra J.L.M."  $ reviewer2 $ (1,)
 "A Local Bounding Box Method for Campus Navigation Based on Baidu Map"  $ "En X.D., Zhili Z."  $ reviewer2 $ (1,)
 "Neural networks for sentiment analysis on Twitter"  $ "Duncan B., Zhang Y."  $ reviewer2 $ ()
 "Deductive verification of parallel programs using why3"  $ "Santos C., Martins F., Vasconcelos V.T."  $ reviewer2 $ (1,)
 "A Case Study of Web API Evolution"  $ "Sohan S.M., Anslow C., Maurer F."  $ reviewer2 $ ()
 "IEEE International Conference on Program Comprehension"  $ "[No author name available]"  $ reviewer2 $ (2,)
 "A dataset for API usage"  $ "Sawant A.A., Bacchelli A."  $ reviewer2 $ ()
 "Authentication and authorization considerations for a multi-tenant service"  $ "Heiland R., Koranda S., Marru S., Pierce M., Welch V."  $ reviewer2 $ (1,)
 "adLIMS: A customized open source software that allows bridging clinical and basic molecular research studies"  $ "Calabria A., Spinozzi G., Benedicenti F., Tenderini E., Montini E."  $ reviewer2 $ (0,)
 "Connichiwa - A framework for cross-device web applications"  $ "Schreiner M., Rädle R., Jetter H.-C., Reiterer H."  $ reviewer2 $ ()
 "Distributed tools for interactive design of heterogeneous signal networks"  $ "Malloch J., Sinclair S., Wanderley M.M."  $ reviewer2 $ (1,)
 "Automated measurement of API usability: The API Concepts Framework"  $ "Scheller T., Kühn E."  $ reviewer2 $ ()
 "Some structural measures of API usability"  $ "Rama G.M., Kak A."  $ reviewer2 $ ()
 "2015 IEEE 22nd International Conference on Software Analysis, Evolution, and Reengineering, SANER 2015 - Proceedings"  $ "[No author name available]"  $ reviewer2 $ (2,)
 "Unified compile-time and runtime Java annotation processing"  $ "Pigula P., Nosál M."  $ reviewer2 $ (2,)
 "Eclipse API usage: the good and the bad"  $ "Businge J., Serebrenik A., van den Brand M.G.J."  $ reviewer2 $ (1,)
 "Complex Elastic Optical Network Simulator (CEONS)"  $ "Aibin M., Blazejewski M."  $ reviewer2 $ (1,)
 "Analysis of the PKCS#11 API using the maude-NPA tool"  $ "González-Burgueño A., Santiago S., Escobar S., Meadows C., Meseguer J."  $ reviewer2 $ (1,)
 "Improving authentication and authorization for identity based cloud environment using oauth with fuzzy based blowfish algorithm"  $ "George J.A., Hemalatha M."  $ reviewer2 $ (2,)
 "Sparse graph processing with soft-processors"  $ "Kapre N."  $ reviewer2 $ (1,)
 "The CIPRES workbench: A flexible framework for creating science gateways"  $ "Miller M.A., Schwartz T., Hoover P., Yoshimoto K., Sivagnanam S., Majumdar A."  $ reviewer2 $ (1,)
 "Attention, test code is low-quality!"  $ "Tang X."  $ reviewer2 $ (1,)
 "Big data clone detection using classical detectors: an exploratory study"  $ "Svajlenko J., Keivanloo I., Roy C.K."  $ reviewer2 $ (1,)
 "MLab: A mobile language learning lab system for language learners"  $ "Alotaibi H.M., Alamer R.A., Al-Khalifa H.S."  $ reviewer2 $ (1,)
 "CSN: The conceptually manageable sensor network"  $ "Joe W., Lee J., Jeong K."  $ reviewer2 $ (1,)
 "Run-time extensibility and librarization of simulation software"  $ "Brown J., Knepley M.G., Smith B.F."  $ reviewer2 $ (1,)
 "Leveraging diagrid hub for interactively generating and running parallel programs"  $ "Arora R., Chen K., Gupta M., Clark S., Song C."  $ reviewer2 $ (1,)
 "Programming interfaces for the TPM"  $ "Toegl R., Winter J., Gissing M., Winkler T., Nauman M., Hong T.W."  $ reviewer2 $ (1,)
 "ValWorkBench: An open source Java library for cluster validation, with applications to microarray data analysis"  $ "Giancarlo R., Scaturro D., Utro F."  $ reviewer2 $ (1,)
 "ICyrus: A semantic framework for biomedical image discovery"  $ "Bukhari A.C., Nagy M.L., Krauthammer M., Ciccarese P., Baker C.J.O."  $ reviewer2 $ (4,)
 "11th International Conference on Security and Privacy in Communication Networks, SecureComm 2015"  $ "[No author name available]"  $ reviewer2 $ (1,)
 "Mining preconditions of APIs in large-scale code corpus"  $ "Nguyen H.A., Dyer R., Nguyen T.N., Rajan H."  $ reviewer2 $ (1,)
 "SmartColor: Real-time color correction and contrast for optical see-through head-mounted displays"  $ "David Hincapié-Ramos J., Ivanchuk L., Sridharan S.K., Irani P."  $ reviewer2 $ (0,)
 "Mining API usage patterns by applying method categorization to improve code completion"  $ "Akbar R.J., Omori T., Maruyama K."  $ reviewer2 $ ()
 "Mining API usage examples from test code"  $ "Zhu Z., Zou Y., Xie B., Jin Y., Lin Z., Zhang L."  $ reviewer2 $ ()
 "The timeline as a programming interface"  $ "Cardoso B., Romão T."  $ reviewer2 $ (1,)
 "Statistical learning approach for mining API usage mappings for code migration"  $ "Nguyen A.T., Nguyen H.A., Nguyen T.T., Nguyen T.N."  $ reviewer2 $ ()
 "An empirical comparison of static and dynamic type systems on API usage in the presence of an IDE: Java vs. Groovy with eclipse"  $ "Petersen P., Hanenberg S., Robbes R."  $ reviewer2 $ ()
 "Mining energy-greedy API usage patterns in android apps: An empirical study"  $ "Linares-Vásquez M., Bavota G., Bernal-Cárdenas C., Oliveto R., Di Penta M., Poshyvanyk D."  $ reviewer2 $ ()
 "Who asked what: Integrating crowdsourced FAQs into API documentation"  $ "Chen C., Zhang K."  $ reviewer2 $ (1,)
 "11th Working Conference on Mining Software Repositories, MSR 2014 - Proceedings"  $ "[No author name available]"  $ reviewer2 $ ()
 "The impact of different multi-threading interfaces on embedded systems"  $ "Lorenzon A.F., Filho A.C.S.B., Cera M.C."  $ reviewer2 $ (4,)
 "Identifying performance issues based on method invocation patterns of an API"  $ "Khan M.A., Muhammad S., Muhammad T."  $ reviewer2 $ ()
 "Building development tools interactively using the EKEKO meta-programming library"  $ "De Roover C., Stevens R."  $ reviewer2 $ (1,)
 "ACUA: API change and usage auditor"  $ "Wu W., Adams B., Gueheneuc Y.-G., Antoniol G."  $ reviewer2 $ ()
 "Fast splittable pseudorandom number generators"  $ "Steele G.L., Jr., Lea D., Flood C.H."  $ reviewer2 $ (1,)
 "API as a social glue"  $ "Padhye R., Mukherjee D., Sinha V.S."  $ reviewer2 $ (1,)
 "A human-centric API for programming socially interactive robots"  $ "Diprose J.P., Plimmer B., Macdonald B.A., Hosking J.G."  $ reviewer2 $ (1,)
 "An API design process in terms of usability: A case study on building more usable apis for smart TV platform"  $ "Lee S., Lee S., Lim S., Jung J., Choi S., Kim N., Lee J.-B."  $ reviewer2 $ (1,)
 "Shapers: Capturing free form shapes for bendable device interactions"  $ "Nagaraju S."  $ reviewer2 $ (1,)
 "Experiences with user-centered design for the tigres workflow API"  $ "Ramakrishnan L., Poon S., Hendrix V., Gunter D., Pastorello G.Z., Agarwal D."  $ reviewer2 $ (1,)
 "Loop parallelism: A new skeleton perspective on data parallel patterns"  $ "Danelutto M., Torquati M."  $ reviewer2 $ (1,)
 "KMA: A dynamic memory manager for OpenCL"  $ "Spliet R., Howes L., Gaster B.R., Varbanescu A.L."  $ reviewer2 $ (1,)
 "Bus search: Development and evaluation of performance and usability of mobile application for blind or visually impaired"  $ "Viyanon W."  $ reviewer2 $ (1,)
 "SimITK: Visual programming of the ITK image-processing library within simulink"  $ "Dickinson A.W.L., Abolmaesumi P., Gobbi D.G., Mousavi P."  $ reviewer2 $ (1,)
 "CloudSylla: Detecting suspicious system calls in the cloud"  $ "Kührer M., Hoffmann J., Holz T."  $ reviewer2 $ (1,)
 "Incorporating Green into Production and Consumption Behaviours toward Sustainable Logistics Optimization in Process Systems"  $ "Shimizu Y."  $ reviewer2 $ (1,)
 "A plug-in architecture for connecting to new data sources on mobile devices"  $ "Chang K.S.-P., Myers B.A., Cahill G.M., Simanta S., Morris E., Lewis G."  $ reviewer2 $ (1,)
 "Generating API-usage example for project developers"  $ "Zhu Z., Zou Y., Jin Y., Xie B."  $ reviewer2 $ ()
 "2013 10th Working Conference on Mining Software Repositories, MSR 2013 - Proceedings"  $ "[No author name available]"  $ reviewer2 $ (1,)
 "Structural detection of Android malware using embedded call graphs"  $ "Gascon H., Yamaguchi F., Arp D., Rieck K."  $ reviewer2 $ (1,)
 "An empirical study of API stability and adoption in the android ecosystem"  $ "McDonnell T., Ray B., Kim M."  $ reviewer2 $ ()
 "A distributional semantic search infrastructure for linked dataspaces"  $ "Freitas A., O'Riain S., Curry E."  $ reviewer2 $ (1,)
 "A step towards a robotic system with smartphone working as its brain: An assistive technology"  $ "Sankhe P., Kuriakose S., Lahiri U."  $ reviewer2 $ (1,)
 "TalkingAndroid: An interactive, multimodal and real-time talking avatar application on mobile phones"  $ "Lin H., Jia J., Wu X., Cai L."  $ reviewer2 $ (1,)
 "OmpSs-OpenCL programming model for heterogeneous systems"  $ "Elangovan V.K., Badia R.M., Parra E.A."  $ reviewer2 $ (1,)
 "MapReduce: Limitations, optimizations and open issues"  $ "Kalavri V., Vlassov V."  $ reviewer2 $ (1,)
 "Model-checking software library API usage rules"  $ "Song F., Touili T."  $ reviewer2 $ ()
 "Integrated Formal Methods - 10th International Conference, IFM 2013, Proceedings"  $ "[No author name available]"  $ reviewer2 $ (4,)
 "API change and fault proneness: A threat to the success of android apps"  $ "Linares-Vásquez M., Bavota G., Bernal-Cárdenas C., Di Penta M., Oliveto R., Poshyvanyk D."  $ reviewer2 $ ()
 "AutoQUEST - Automated quality engineering of event-driven software"  $ "Herbold S., Harms P."  $ reviewer2 $ (1,)
 "Detection of malicious code in user mode"  $ "Sangeetha R."  $ reviewer2 $ (1,)
 "Usability evaluation of configuration-based API design concepts"  $ "Scheller T., Kühn E."  $ reviewer2 $ ()
 "Juggle: Addressing extrinsic load imbalances in SPMD applications on multicore computers"  $ "Hofmeyr S., Colmenares J.A., Iancu C., Kubiatowicz J."  $ reviewer2 $ (1,)
 "EvalBench: A software library for visualization evaluation"  $ "Aigner W., Hoffmann S., Rind A."  $ reviewer2 $ (1,)
 "Towards a high-level trusted computing API for android software stack"  $ "Othman A.T., Khan S., Nauman M., Musa S."  $ reviewer2 $ (1,)
 "Enhancing access to standardized clinical application for mobile interfaces"  $ "Parashar H.J., Sachdeva S., Batra S."  $ reviewer2 $ (1,)
 "AUREA: An open-source software system for accurate and user-friendly identification of relative expression molecular signatures"  $ "Earls J.C., Eddy J.A., Funk C.C., Ko Y., Magis A.T., Price N.D."  $ reviewer2 $ (0,)
 "Three-dimensional (3D) bio-cad modeling of human knee"  $ "Ameddah H., Assas M."  $ reviewer2 $ (0,)
 "The Semantic Web takes wing: Programming ontologies with Tawny-OWL"  $ "Lord P."  $ reviewer2 $ (0,)
 "Using clouds for MapReduce measurement assignments"  $ "Rabkin A., Reiss C., Katz R., Patterson D."  $ reviewer2 $ (0,)
 "Knowledge discovery meets linked APIs"  $ "Hoxha J., Maleshkova M., Korevaar P."  $ reviewer2 $ (0,)
 "Azure BOT: A framework for bag-of-tasks applications on the azure cloud platform"  $ "Agarwal D., Prasad S.K."  $ reviewer2 $ (1,)
 "Design and implementation of surrounding transaction plotting and management system based on Google map API"  $ "Cao Y., Hua Y., Zhao J., Guo S."  $ reviewer2 $ (0,)
 "Contributions to visualization algorithm enabling GPU-accelerated image displaying for dual panel high dynamic range LCD display"  $ "Szydzik T., Nunez A., De Paepe L., Albani L."  $ reviewer2 $ (0,)
 "Detecting similar applications with collaborative tagging"  $ "Thung F., Lo D., Jiang L."  $ reviewer2 $ (1,)
 "DroidLogger: Reveal suspicious behavior of Android applications via instrumentation"  $ "Dai S., Wei T., Zou W."  $ reviewer2 $ (1,)
 "Lightweight automated testing with adaptation-based programming"  $ "Groce A., Fern A., Pinto J., Bauer T., Alipour A., Erwig M., Lopez C."  $ reviewer2 $ (1,)
 "Using OpenMP superscalar for parallelization of embedded and consumer applications"  $ "Andersch M., Chi C.C., Juurlink B."  $ reviewer2 $ (0,)
 "Experiences with OpenMP, PGI, HMPP and OpenACC directives on ISO/TTI kernels"  $ "Ghosh S., Liao T., Calandra H., Chapman B.M."  $ reviewer2 $ (0,)
 "Open source pipeline for ESPaDOnS reduction and analysis"  $ "Martioli E., Teeple D., Manset N., Devost D., Withington K., Venne A., Tannock M."  $ reviewer2 $ (1,)
 "Comparing the usability of grid-bag and constraint-based layouts"  $ "Zeidler C., Müller J., Lutteroth C., Weber G."  $ reviewer2 $ (1,)
 "E-health oriented application for mobile phones"  $ "Podziewski A., Litwiniuk K., Legierski J."  $ reviewer2 $ (1,)
 "An empirical study of the influence of static type systems on the usability of undocumented software"  $ "Mayer C., Hanenberg S., Robbes R., Tanter É., Stefik A."  $ reviewer2 $ (1,)
 "Human-Centered Software Engineering - 4th International Conference, HCSE 2012, Proceedings"  $ "[No author name available]"  $ reviewer2 $ (4,)
 "Empirical study of a vision-based depth-sensitive human-computer interaction system"  $ "Farhadi-Niaki F., GhasemAghaei R., Arya A."  $ reviewer2 $ (1,)
 "SAP remote communications"  $ "Selmeci A., Orosz T."  $ reviewer2 $ (1,)
 "An empirical study of the influence of static type systems on the usability of undocumented software"  $ "Mayer C., Hanenberg S., Robbes R., Tanter E., Stefik A."  $ reviewer2 $ (1,)
 "The Ruby UCSC API: Accessing the UCSC genome database using Ruby"  $ "Mishima H., Aerts J., Katayama T., Bonnal R.J.P., Yoshiura K.-I."  $ reviewer2 $ (1,)
 "Programming parallel embedded and consumer applications in OpenMP superscalar"  $ "Andersch M., Chi C.C., Juurlink B."  $ reviewer2 $ (0,)
 "Temporal analysis of API usage concepts"  $ "Uddin G., Dagenais B., Robillard M.P."  $ reviewer2 $ ()
 "Automatic parameter recommendation for practical API usage"  $ "Zhang C., Yang J., Zhang Y., Fan J., Zhang X., Zhao J., Ou P."  $ reviewer2 $ ()
 "Statically checking API protocol conformance with mined multi-object specifications"  $ "Pradel M., Jaspan C., Aldrich J., Gross T.R."  $ reviewer2 $ (1,)
 "Constroid: Data-centric access control for android"  $ "Schreckling D., Posegga J., Hausknecht D."  $ reviewer2 $ (1,)
 "Middleware-based distributed data acquisition and control in smart home networks"  $ "Wu Y., Shao P."  $ reviewer2 $ (1,)
 "Enabling parallel computing of a brain connectivity map using the MediGRID-infrastructure and FSL"  $ "Gruetz R., Focke N.K., Hoheisel A., Krefting D., Loehnhardt B., Viezens F., Dickmann F."  $ reviewer2 $ (0,)
 "Mining quantified temporal rules: Formalism, algorithms, and evaluation"  $ "Lo D., Ramalingam G., Ranganath V.-P., Vaswani K."  $ reviewer2 $ (1,)
 "Understanding API usage to support informed decision making in software maintenance"  $ "Bauer V., Heinemann L."  $ reviewer2 $ (1,)
 "Verifying compiled file system code"  $ "Mühlberg J.T., Lüttgen G."  $ reviewer2 $ (1,)
 "Programming parallel embedded and consumer applications in openmp superscalar"  $ "Andersch M., Chi C.C., Juurlink B."  $ reviewer2 $ (0,)
 "A WPAN platform design in mobile phone considering application development and usability"  $ "Kim I.-H., Jeong G.-M., Park E.-C., Chung K.-D."  $ reviewer2 $ (0,)
 "An exploratory study of API usage examples on the web"  $ "Wang L., Zou Y., Fang L., Xie B., Yang F."  $ reviewer2 $ (1,)
 "How to increase the role of users in evaluating the quality of use of a system [Comment accroître le rôle des utilisateurs dans l'évaluation de la qualité d'utilisation d'un système]"  $ "Saulnier A., Courounet P., Viaud M.L."  $ reviewer2 $ (1,)
 "GRB-WAPI, a RESTful framework for grid portals"  $ "De Luca V., Epicoco I., Lezzi D., Aloisio G."  $ reviewer2 $ (0,)
 "Retrieving reusable software components using enhanced representation of domain knowledge"  $ "Alnusair A., Zhao T."  $ reviewer2 $ (0,)
 "Useful, but usable? Factors affecting the usability of APIs"  $ "Zibran M.F., Eishita F.Z., Roy C.K."  $ reviewer2 $ ()
 "Structural conformance checking with design tests: An evaluation of usability and calability"  $ "Brunet J., Serey D., Figueiredo J."  $ reviewer2 $ (1,)
 "Analyzing temporal API usage patterns"  $ "Uddin G., Dagenais B., Robillard M.P."  $ reviewer2 $ (1,)
 "Recommending proper API code examples for documentation purpose"  $ "Mar L.W., Wu Y.-C., Jiau H.C."  $ reviewer2 $ (1,)
 "APIExample: An effective web search based usage example recommendation system for java APIs"  $ "Wang L., Fang L., Wang L., Li G., Xie B., Yang F."  $ reviewer2 $ (1,)
 "Accessing cloud through API in a more secure and usable way"  $ "Lu H.K."  $ reviewer2 $ (1,)
 "An empirical comparison of the accuracy rates of novices using the quorum, perl, and randomo programming languages"  $ "Stefik A., Siebert S., Stefik M., Slattery K."  $ reviewer2 $ (1,)
 "Work in progress - Development and integration of an online soil mapping Web application"  $ "Kocur L.A., Glotzbach R.J., Schulze D.G., Miller C.C."  $ reviewer2 $ (1,)
 "Comparison of reasoners for large ontologies in the OWL 2 EL profile"  $ "Dentler K., Cornet R., Ten Teije A., De Keizer N."  $ reviewer2 $ (0,)
 "Development of CAN-1394 automotive gateway system using designed modular software stack"  $ "Park P., Jung J., Huh B."  $ reviewer2 $ (1,)
 "Semantically driven social data aggregation interfaces for research 2.0"  $ "De Vocht L., Softic S., Ebner M., Mühlburger H."  $ reviewer2 $ (1,)
 "An evaluation of source code mining techniques"  $ "Khatoon S., Mahmood A., Li G."  $ reviewer2 $ (1,)
 "Obstacles in using frameworks and APIs: An exploratory study of programmers' newsgroup discussions"  $ "Hou D., Li L."  $ reviewer2 $ ()
 "OpenMPspy: Leveraging quality assurance for parallel software"  $ "Pankratius V., Knittel F., Masing L., Walser M."  $ reviewer2 $ (0,)
 "Toward a cloud architecture for medical imagery grid applications: The Acigna-G project"  $ "Benmerar T.Z., Boumghar F.O."  $ reviewer2 $ (0,)
 "Juggle: Proactive load balancing on multicore computers"  $ "Hofmeyr S., Colmenares J.A., Iancu C., Kubiatowicz J."  $ reviewer2 $ (0,)
 "A web API framework for developing grid portals"  $ "De Luca V., Epicoco I., Lezzi D., Aloisio G."  $ reviewer2 $ (1,)
 "The concept maps method as a tool to evaluate the usability of APIs"  $ "Gerken J., Jetter H.-C., Zöllner M., Mader M., Reiterer H."  $ reviewer2 $ ()
 "Frameworks for multi-core architectures: A comprehensive evaluation using 2D/3D image registration"  $ "Membarth R., Hannig F., Teich J., Körner M., Eckert W."  $ reviewer2 $ (0,)
 "A framework to develop meta web interfaces"  $ "Leal J.P., Dias H."  $ reviewer2 $ (1,)
 "Unit tests as API usage examples"  $ "Nasehi S.M., Maurer F."  $ reviewer2 $ ()
 "A framework for the evaluation of specification miners based on finite state machines"  $ "Pradel M., Bichsel P., Gross T.R."  $ reviewer2 $ (0,)
 "Leveraging usage similarity for effective retrieval of examples in code repositories"  $ "Bajracharya S.K., Ossher J., Lopes C.V."  $ reviewer2 $ (1,)
 "Learning from 6,000 projects: Mining models in the large"  $ "Zeller A."  $ reviewer2 $ (1,)
 "Jury API: Secure client-side-only multiplayer gaming API"  $ "Zibin Y."  $ reviewer2 $ (1,)
 "Analysis on social network adoption according to the change of network topology: The impact of ""Open API"" to adoption of facebook"  $ "Jung G., Lee B."  $ reviewer2 $ (1,)
 "Evaluation and Usability of Programming Languages and Tools, PLATEAU'10"  $ "[No author name available]"  $ reviewer2 $ (4,)
 "2010 6th Central and Eastern European Software Engineering Conference, CEE-SECR 2010"  $ "[No author name available]"  $ reviewer2 $ (4,)
 "Functional programming at Freebase"  $ "Harris W."  $ reviewer2 $ (1,)
 "q-Anon: Rethinking anonymity for social networks"  $ "Beach A., Gartrell M., Han R."  $ reviewer2 $ (1,)
 "Mining API popularity"  $ "Mileva Y.M., Dallmeier V., Zeller A."  $ reviewer2 $ ()
 "Towards an intelligent code search engine"  $ "Kim J., Lee S., Hwang S.-W., Kim S."  $ reviewer2 $ (1,)
 "Using geodata and geoprocessing web services in embedded device"  $ "Zhang D.-H., Xie B., Chen H.-J., Lv Y., Yu L."  $ reviewer2 $ (1,)
 "User interface model discovery: Towards a generic approach"  $ "Gimblett A., Thimbleby H."  $ reviewer2 $ (1,)
 "Extended authorization mechanism in OSGi"  $ "Kim I., Lee D., Lee J., Rim K."  $ reviewer2 $ (1,)
 "Finding error handling bugs in OpenSSL using Coccinelle"  $ "Lawall J., Laurie B., Hansen R.R., Palix N., Muller G."  $ reviewer2 $ (1,)
 "G2CL: A generic group communication layer for clustered applications"  $ "Sales L., Teófilo H., Mendonça N.C."  $ reviewer2 $ (1,)
 "The mobile LBS positioning solution based on NRTK and Windows Mobile"  $ "Liao Z., Duan X., Lu J., Yue X., Liu W., He Q."  $ reviewer2 $ (1,)
 "Generating smart wrapper libraries for arbitrary APIs"  $ "Jugel U."  $ reviewer2 $ (1,)
 "Unifying isolated sensor systems using web 2.0 and open standards"  $ "Resseguie D., Fairgrieve S."  $ reviewer2 $ (1,)
 "Development of APIs for desktop supercomputing"  $ "Kim G., Suzuki Y., Nishida A., Takemiya H."  $ reviewer2 $ (1,)
 "Studying the Documentation of an API for Enterprise ServiceOriented Architecture"  $ "Myers B.A., Jeong S.Y., Xie Y., Beaton J., Stylos J., Ehret R., Karstens J., Efeoglu A., Busse D.K."  $ reviewer2 $ (1,)
 "BCC: Enhancing code completion for better API usability"  $ "Pletcher D.M., Hou D."  $ reviewer2 $ ()
 "Verifying compiled file system code"  $ "Mühlberg J.T., Lüttgen G."  $ reviewer2 $ (1,)
 "Implementation of open web portal service enabler based on service delivery platform"  $ "Kim K., Lee H., Jo S., Ryu W."  $ reviewer2 $ (1,)
 "Blunting differential attacks on PIN processing APIs"  $ "Focardi R., Luccio F.L., Steel G."  $ reviewer2 $ (1,)
 "Graph-based mining of multiple object usage patterns"  $ "Nguyen T.T., Nguyen H.A., Pham N.H., Al-Kofahi J.M., Nguyen T.N."  $ reviewer2 $ (1,)
 "Automatic generation of object usage specifications from large method traces"  $ "Pradel M., Gross T.R."  $ reviewer2 $ (1,)
 "A robotics API dialect for type-safe robots: Translating Myro to Ada"  $ "Mentis A.S."  $ reviewer2 $ (1,)
 "The developer is the enemy"  $ "Wurster G., Van Oorschot P.C."  $ reviewer2 $ ()
 "The music and emotion driven game engine: Ideas and games"  $ "Dillon R., Bee N.K., Rozner S."  $ reviewer2 $ (1,)
 "CLIMA: A weather generator framework"  $ "Donatelli M., Bellocchi G., Habyarimana E., Bregaglio S., Confalonieri R., Baruth B."  $ reviewer2 $ (1,)
 "Refactoring asynchronous event handling in the real-time specification for Java"  $ "Kim M.S., Wellings A."  $ reviewer2 $ (1,)
 "Developing a GroupNet system to solve groupthink problem"  $ "Chen N.-S., Wei C.-W., Chen W.-S."  $ reviewer2 $ (1,)
 "Detecting inefficient API usage"  $ "Kawrykow D., Robillard M.P."  $ reviewer2 $ ()
 "Automatic evaluation of API usability using complexity metrics and visualizations"  $ "De Souza C.R.B., Bentolila D.L.M."  $ reviewer2 $ ()
 "MAPO: mining and recommending api usage patterns"  $ "Zhong H., Xie T., Zhang L., Pei J., Mei H."  $ reviewer2 $ (1,)
 "Concurrency vulnerabilities"  $ "Burns A., Wettings A.J."  $ reviewer2 $ (1,)
 "A script generator API for the full-scale three-dimensional vibration simulation of an entire nuclear power plant within AEGIS"  $ "Kim G., Suzuki Y., Teshima N., Nishida A., Yamada T., Araya F., Takemiya H., Nakajima N., Kondo M."  $ reviewer2 $ (1,)
 "Mining library specifications using inductive logic programming"  $ "Sankaranarayanan S., Ivančić F., Gupta A."  $ reviewer2 $ (1,)
 "Usability evaluation for Enterprise SOA APIs"  $ "Beaton J., Myers B.A., Stylos J., Jeong S.Y., Xie Y."  $ reviewer2 $ (1,)
 "On evaluating recommender systems for API usages"  $ "Bruch M., Schäfer T., Mezini M."  $ reviewer2 $ (1,)
 "RSSE '08 - Proc. 2008 International Workshop on Recommendation Systems for Software Engineering, Co-located with the 16th ACM SIGSOFT International Symposium on the Foundations of Software Engineering"  $ "[No author name available]"  $ reviewer2 $ (4,)
 "Iterative design and evaluation of an event architecture for pen-and-paper interfaces"  $ "Yeh R.B., Paepcke A., Klemmer S.R."  $ reviewer2 $ (1,)
 "Remote sensing measurements of aerosol optical thickness and correlation with in-situ air quality parameters during a biomass burning episode in Southeast Asia"  $ "Chew B.N., Chang C.W., Salinas S.V., Liew S.C."  $ reviewer2 $ (1,)
 "The implications of method placement on API learnability"  $ "Stylos J., Myers B.A."  $ reviewer2 $ ()
 "Texture mapping of 3-D building models using pose estimation of digital photographs"  $ "Tan Y.K.A., Kwoh L.K., Ong S.H."  $ reviewer2 $ (0,)
 "Usability challenges for enterprise service-oriented architecture APIs"  $ "Beaton J., Jeong S.Y., Xie Y., Stylos J., Myers B.A."  $ reviewer2 $ (1,)
 "Evaluating the reference and representation of domain concepts in APIs"  $ "Ratiu D., Jürjens J."  $ reviewer2 $ ()
 "oDect: an RFID-based object detection API to support applications development on mobile devices"  $ "Bellotti F., Berta R., Margarone M., De Gloria A."  $ reviewer2 $ (1,)
 "ScienceTreks: An autonomous digital library system"  $ "Ivanyukovich A., Marchese M., Giunchiglia F."  $ reviewer2 $ (1,)
 "ProCope - Protein complex prediction and evaluation"  $ "Krumsiek J., Friedel C.C., Zimmer R."  $ reviewer2 $ (0,)
 "Analyzing stripped device-driver executables"  $ "Balakrishnan G., Reps T."  $ reviewer2 $ (1,)
 "REVENTS: Facilitating event-driven distributed HPC applications"  $ "Kurzyniec D., Sunderam V., Sławińska M."  $ reviewer2 $ (1,)
 "Distributed dynamic partial order reduction based verification of threaded software"  $ "Yang Y., Chen X., Gopalakrishnan G., Kirby R.M."  $ reviewer2 $ (1,)
 "Development of routing application of SCA-based software defined radio"  $ "Jian S., Wei G."  $ reviewer2 $ (0,)
 "Stream data management based on integration of a stream processing engine and databases"  $ "Kitagawa H., Watanabe Y."  $ reviewer2 $ (1,)
 "Mapping the space of API design decisions"  $ "Stylos J., Myers B."  $ reviewer2 $ (1,)
 "Application of visual programming to Web mash up development"  $ "Lim S.C., Lowe S., Koempel J."  $ reviewer2 $ (1,)
 "Constructing usage scenarios for API redocumentation"  $ "Juanjuan J., Koskinen J., Ruokonen A., Systä T."  $ reviewer2 $ ()
 "Garuda: A scalable tiled display wall using commodity PCs"  $ "Nirnimesh, Harish P., Narayanan P.J."  $ reviewer2 $ (1,)
 "DiamondHelp: A generic collaborative task guidance system"  $ "Rich C., Sidner C.L."  $ reviewer2 $ (1,)
 "Thorough static analysis of device drivers"  $ "Ball T., Bounimova E., Cook B., Levin V., Lichtenberg J., McGarvey C., Ondrusek B., Rajamani S.K., Ustuner A."  $ reviewer2 $ (1,)
 "Proceedings of the 2006 International Workshop on Mining Software Repositories, MSR '06, Co-located with the 28th International Conference on Software Engineering, ICSE 2006"  $ "[No author name available]"  $ reviewer2 $ (4,)
 "Informing API design through usability studies of API design choices: A research abstract"  $ "Stylos J."  $ reviewer2 $ ()
 "Effective typestate verification in the presence of aliasing"  $ "Fink S., Yahav E., Dor N., Ramalingam G., Geav E."  $ reviewer2 $ (1,)
 "A modular implementation framework for code mobility"  $ "Lobato C., Garcia A., Lucena C., Romanovsky A."  $ reviewer2 $ (1,)
 "Development and evaluation of different methods to assess download and display time of image web systems"  $ "Pietsch M., Schlaefke A., Vogl T.J., Bergh B."  $ reviewer2 $ (0,)
 "Supporting content scheduling on situated public displays"  $ "Storz O., Friday A., Davies N."  $ reviewer2 $ (0,)
 "Web-based design and manufacturing systems for micromachining: Comparison of architecture and usability"  $ "Kim H.-J., Chu W.-S., Ahn S.-H., Kim D.-S., Jun C.-S."  $ reviewer2 $ (1,)
 "On the usability of high-level parallel IO in unstructured grid simulations"  $ "Kimpe D., Vandewalle S., Poedts S."  $ reviewer2 $ (1,)
 "Open application environments in mobile devices: Focus on JME and Ericsson Mobile Platforms"  $ "Ghosh A., Olsson M., Persson P."  $ reviewer2 $ (1,)
 "Stenning's protocol implemented in UDP and verified in Isabelle"  $ "Compton M."  $ reviewer2 $ (0,)
 "New user-guided and ckpt-based checkpointing libraries for parallel MPI applications"  $ "Czarnul P., Fra̧czak M."  $ reviewer2 $ (0,)
 "Causeway: Support for controlling and analyzing the execution of multi-tier applications"  $ "Chanda A., Elmeleegy K., Cox A.L., Zwaenepoel W."  $ reviewer2 $ (1,)
 "caBIONet - A .NET wrapper to access and process genomic data stored at the National Cancer Institute's Center for Bioinformatics databases"  $ "Kraj P., McIndoe R.A."  $ reviewer2 $ (0,)
 "Incorporation of middleware and grid technologies to enhance usability in computational chemistry applications"  $ "Greenberg J.P., Mock S., Bhatia K., Katz M., Bruno G., Sacerdoti F., Papadopoulos P., Baldridge K.K."  $ reviewer2 $ (1,)
 "Demonstrating information in simple gestures"  $ "Pastel R., Skalsky N."  $ reviewer2 $ (1,)
 "A CORBA-based distributed real-time crane simulator with 3D visualization"  $ "Zheng Z., Sepehri N."  $ reviewer2 $ (0,)
 "A flexible transition scheme within a dual stack host in IPv4/IPv6 coexistence phase"  $ "Lee H.-C., Kim H.-J., Park K.-S."  $ reviewer2 $ (0,)
 "Extending relational data access programming libraries for fuzziness: The fJDBC framework"  $ "Sicilia M.-A., García E., Díaz P., Aedo I."  $ reviewer2 $ (1,)
 "The SLAM project: Debugging system software via static analysis"  $ "Ball T., Rajamani S.K."  $ reviewer2 $ (1,)
 "Easy concurrency"  $ "Aizman A."  $ reviewer2 $ (1,)
 "Usability and software architecture"  $ "John B.E., Bass L."  $ reviewer2 $ (1,)
 "Towards a full formal specification of the javacard API"  $ "Meijer H., Poll E."  $ reviewer2 $ (1,)
 "Consistent integration of formal methods"  $ "Braun P., Lötzbeyer H., Schätz B., Slotosch O."  $ reviewer2 $ (1,)
 "Prose + test cases = specifications"  $ "Hoffman D., Strooper P."  $ reviewer2 $ ()
 "The view-cube: An efficient method of view planning for 3D modelling from range data"  $ "Klein K., Sequeira V."  $ reviewer2 $ (0,)
 "Java and digital images"  $ "Martin David H., Martin Johnny"  $ reviewer2 $ (1,)
 "Building more usable APIs"  $ "McLellan S.G., Roesler A.W., Tempest J.T., Spinuzzi C.I."  $ reviewer2 $ (1,)
 "Shopping models: a flexible architecture for information commerce"  $ "Ketchpel S.P., Garcia-Molina H., Paepcke A."  $ reviewer2 $ (1,)
 "Parallel I/O architecture of the High-Performance Storage System (HPSS)"  $ "Watson Richard W., Coyne Robert A."  $ reviewer2 $ (0,)
 "Software Reviews: Test plus"  $ "Hilgert L.D."  $ reviewer2 $ (1,)
