 "Searching crowd knowledge to recommend solutions for API usage tasks"  $ "Campos E.C., de Souza L.B.L., Maia M.D.A."  $ reviewer1 $ (2,)
 "ExoData: A Python package to handle large exoplanet catalogue data"  $ "Varley R."  $ reviewer1 $ (1,)
 "Designing and evaluating the usability of an API for real-time multimedia services in the Internet"  $ "López-Fernández L., García B., Gallego M., Gortázar F."  $ reviewer1 $ ()
 "fine-GRAPE: fine-grained APi usage extractor – an approach and dataset to investigate API usage"  $ "Sawant A.A., Bacchelli A."  $ reviewer1 $ (1,)
 "Best practices for scalable power measurement and control"  $ "Walker S., McFadden M."  $ reviewer1 $ (1,)
 "TSSDroid: realization of an efficient and usable TSS API for the Android software stack"  $ "Khan S., Nauman M., Othman A.T., Musa S., Syed T.A."  $ reviewer1 $ (2,)
 "The geospatial data quality REST API for primary biodiversity data"  $ "Otegui J., Guralnick R.P."  $ reviewer1 $ (1,)
 "Improving API usability"  $ "Myers B.A., Stylos J."  $ reviewer1 $ ()
 "Learning API usages from bytecode: A statistical approach"  $ "Nguyen T.T., Pham H.V., Vu P.M., Nguyen T.T."  $ reviewer1 $ (1,)
 "SWIM: Synthesizing what i mean code search and idiomatic snippet synthesis"  $ "Raghothaman M., Wei Y., Hamadi Y."  $ reviewer1 $ (1,)
 "A large-scale study on repetitiveness, containment, and composability of routines in open-source projects"  $ "Nguyen A.T., Nguyen H.A., Nguyen T.N."  $ reviewer1 $ (1,)
 "Understanding the API usage in Java"  $ "Qiu D., Li B., Leung H."  $ reviewer1 $ (1,)
 "Guiding software developers by social networking application plug-in using the multiple bridge source repository through a data mining integrated approach"  $ "Corraya A.D., Sumi M.A., Shachi S.I., Rahman Z."  $ reviewer1 $ (1,)
 "Enhancing the Usability and Utilization of Accelerated Architectures via Docker"  $ "Haydel N., Gesing S., Taylor I., Madey G., Dakkak A., De Gonzalo S.G., Hwu W.-M.W."  $ reviewer1 $ (1,)
 "3D ITS campus on the web: A WebGL implementation"  $ "Yuniarti A., Atidnminanto A., Mardasatria A., Hariadi R.R., Suciati N."  $ reviewer1 $ (1,)
 "The Prospect of Open Online e-Learning System Based on the Free Culture Movement - Development of YouTutors as an Auto-Assignment Generator by Utilizing Creative Commons Contents Online"  $ "Nakajima A., Ono Y."  $ reviewer1 $ (1,)
 "Divide-and-conquer approach for multi-phase statistical migration for source code"  $ "Nguyen A.T., Nguyen T.T., Nguyen T.N."  $ reviewer1 $ (1,)
 "DSaaS: A cloud service for persistent data structures"  $ "Le Roux P.B., Kroon S., Bester W."  $ reviewer1 $ (1,)
 "Design and implement an interoperable Internet of Things application based on an extended OGC sensorthings API Standard"  $ "Huang C.Y., Wu C.H."  $ reviewer1 $ (1,)
 "Idea: Usable platforms for secure programming – mining Unix for insight and guidelines"  $ "Türpe S."  $ reviewer1 $ (1,)
 "Querying a graph database - Language selection and performance considerations"  $ "Holzschuher F., Peinl R."  $ reviewer1 $ (1,)
 "IVOrpheus: A proposal for interaction by voice commands in three-dimensional environments of information visualization"  $ "Furtado L., Miranda B., Neto N., Meiguins B."  $ reviewer1 $ (1,)
 "A course-based usability analysis of Cilk Plus and OpenMP"  $ "Coblenz M., Seacord R., Myers B., Sunshine J., Aldrich J."  $ reviewer1 $ (2,)
 "The academic performance index: Creating a more robust and less biased measure of student academic performance"  $ "Godwin A., Scott T.D., Potvin G., Sonnert G., Sadler P.M."  $ reviewer1 $ (1,)
 "Timing characterization of OpenMP4 tasking model"  $ "Serrano M.A., Melani A., Vargas R., Marongiu A., Bertogna M., Quiñones E."  $ reviewer1 $ (1,)
 "OAuthHub-A Service for Consolidating Authentication Services"  $ "Chen X., Sime G., Lutteroth C., Weber G."  $ reviewer1 $ (1,)
 "Consensus-based mining of API preconditions in big code"  $ "Nguyen H.A., Dyer R., Nguyen T.N., Rajan H."  $ reviewer1 $ (1,)
 "An empirical investigation of the effects of type systems and code completion on API usability using TypeScript and JavaScript in MS visual studio"  $ "Fischer L., Hanenberg S."  $ reviewer1 $ (2,)
 "LW-RDMA: Design and implementation of a lightweight RDMA API for InfiniBand-based clusters"  $ "Kim B., Jung H."  $ reviewer1 $ (1,)
 "RAC: A remote application calling framework for coordination of mobile apps"  $ "Papadopoulos P., Loukopoulos T., Anagnostopoulos I., Tziritas N., Vassilakopoulos M."  $ reviewer1 $ (1,)
 "A New Platform for Cross-Repository Creation and Sharing of Educational Resources: Architecture and a Case Study"  $ "Favario L., Meo A.R., Masala E."  $ reviewer1 $ (1,)
 "Construction of a voice-based asynchronous communication system utilizing speech recognition and its potential for EFL learners' speaking ability: A pilot study"  $ "Ono Y., Ishii T., Ohnishi A."  $ reviewer1 $ (1,)
 "Mining Android Apps for Anomalies"  $ "Kuznetsov K., Gorla A., Tavecchia I., Groß F., Zeller A."  $ reviewer1 $ (1,)
 "Improving energy consumption in android apps"  $ "Bernal-Cárdenas C."  $ reviewer1 $ (1,)
 "Could We Infer Unordered API Usage Patterns Only Using the Library Source Code?"  $ "Saied M.A., Abdeen H., Benomar O., Sahraoui H."  $ reviewer1 $ (1,)
 "Searching the State Space: A Qualitative Study of API Protocol Usability"  $ "Sushine J., Herbsleb J.D., Aldrich J."  $ reviewer1 $ ()
 "Recommending posts concerning API issues in developer Q&A sites"  $ "Wang W., Malik H., Godfrey M.W."  $ reviewer1 $ ()
 "HTML5 Technologies for Effective Cross-Platform Interactive/Smart TV Advertising"  $ "Perakakis E., Ghinea G."  $ reviewer1 $ (1,)
 "Rapido: A sketching tool for web API designers"  $ "Mitra R."  $ reviewer1 $ (1,)
 "The new protein topology graph library web server"  $ "Schäfer T., Scheck A., Bruneß D., May P., Koch I."  $ reviewer1 $ (1,)
 "Pravaaha: Mining android applications for discovering API call usage patterns and trends"  $ "Lamba Y., Khattar M., Sureka A."  $ reviewer1 $ (1,)
 "API usage pattern recommendation for software development"  $ "Niu H., Keivanloo I., Zou Y."  $ reviewer1 $ (2,)
 "An observational study on API usage constraints and their documentation"  $ "Saied M.A., Sahraoui H., Dufour B."  $ reviewer1 $ (2,)
 "Mining multi-level API usage patterns"  $ "Saied M.A., Benomar O., Abdeen H., Sahraoui H."  $ reviewer1 $ ()
 "Usability of educational technology APIs: Findings and guidelines"  $ "Kapros E., Peirce N."  $ reviewer1 $ ()
 "Analysis of large-scale networks using high performance technology (vkontakte case study)"  $ "Kinash N., Tikhomirov A., Trufanov A., Berestneva O., Boukhanovsky A., Ashurova Z."  $ reviewer1 $ (1,)
 "Internet-based enterprise innovation through a community-based API builder to manage APIs"  $ "Tsouroplis R., Petychakis M., Alvertis I., Biliri E., Lampathaki F., Askounis D."  $ reviewer1 $ (2,)
 "Cloud interoperability service architecture for education environments"  $ "Rizzardini R.H."  $ reviewer1 $ (1,)
 "A software-defined cloud resource management framework"  $ "Abbasi A.A., Jin H., Wu S."  $ reviewer1 $ (1,)
 "Usage contracts: Offering immediate feedback on violations of structural source-code regularities"  $ "Lozano A., Mens K., Kellens A."  $ reviewer1 $ (1,)
 "Enpublic apps: Security threats using iOS enterprise and developer certificates"  $ "Zheng M., Xue H., Zhang Y., Wei T., Lui J.C.S."  $ reviewer1 $ (1,)
 "REST-based SLA management for cloud applications"  $ "De Benedictis A., Rak M., Turtur M., Villano U."  $ reviewer1 $ (1,)
 "W2E-Wellness warehouse engine for semantic interoperability of consumer health data"  $ "Honko H., Andalibi V., Aaltonen T., Parak J., Saaranen M., Viik J., Korhonen I."  $ reviewer1 $ (1,)
 "Comparison of POSIX threads, OpenMP and C++11 concurrency frameworks"  $ "Weiss J.M."  $ reviewer1 $ (1,)
 "ExaShark: A scalable hybrid array kit for exascale simulation"  $ "Chakroun I., Vander Aa T., De Fraine B., Haber T., Wuyts R., Demeuter W."  $ reviewer1 $ (1,)
 "SocAware: A middleware for social applications in online social networks"  $ "Chen L., Chen K., Shao C., Zhu P."  $ reviewer1 $ (1,)
 "Platys: An active learning framework for place-aware application development and its evaluation"  $ "Murukannaiah P.K., Singh M.P."  $ reviewer1 $ (1,)
 "Web-based platform for evaluation of RF-based indoor localization algorithms"  $ "Lemic F., Handziski V., Wirström N., Van Haute T., De Poorter E., Voigt T., Wolisz A."  $ reviewer1 $ (1,)
 "A linked data framework for android"  $ "Rosoiu M.-E., David J., Euzenat J."  $ reviewer1 $ (1,)
 "CEUR Workshop Proceedings"  $ "[No author name available]"  $ reviewer1 $ (1,)
 "Ten recommendations for software engineering in research"  $ "Hastings J., Haug K., Steinbeck C."  $ reviewer1 $ (1,)
 "Practical interruptible conversations: distributed dynamic verification with multiparty session types and Python"  $ "Demangeon R., Honda K., Hu R., Neykova R., Yoshida N."  $ reviewer1 $ (1,)
 "The framework for accessible applications: Text-based case for blind people"  $ "Pozhidaev M."  $ reviewer1 $ (1,)
 "TS4J: A fluent interface for defining and computing typestate analyses"  $ "Bodden E."  $ reviewer1 $ ()
 "Applying the cognitive dimensions of API usability to improve API documentation planning"  $ "Watson R."  $ reviewer1 $ (2,)
 "API document quality for resolving deprecated APIs"  $ "Ko D., Ma K., Park S., Kim S., Kim D., Traon Y.L."  $ reviewer1 $ (2,)
 "Statistical learning of API mappings for language migration"  $ "Nguyen A.T., Nguyen H.A., Nguyen T.T., Nguyen T.N."  $ reviewer1 $ (1,)
 "Towards a visualized code recommendation for APIs enriched with specification mining"  $ "Ghafari M., Heydarnoori A."  $ reviewer1 $ (2,)
 "Empirical analysis of GUI programming concerns"  $ "Mijailović Ž., Milićev D."  $ reviewer1 $ (1,)
 "Extracting code examples from unit test cases"  $ "Ghafari M."  $ reviewer1 $ (1,)
 "Context-sensitive code completion tool for better API usability"  $ "Asaduzzaman M., Roy C.K., Schneider K.A., Hou D."  $ reviewer1 $ ()
 "Steps towards web ubiquitous computing"  $ "Pandit M.R., Bhardwaj T., Khatri V."  $ reviewer1 $ (1,)
 "Security signature inference for javascript-based browser addons"  $ "Kashyap V., Hardekopf B."  $ reviewer1 $ (1,)
 "Hypersonic: Model analysis and checking in the cloud"  $ "Acretoaie V., Störrle H."  $ reviewer1 $ (1,)
 "Deriving folksonomies for improving web API search"  $ "Bianchini D."  $ reviewer1 $ (1,)
 "Investigating the accuracy of the openFDA API using the FDA Adverse Event Reporting System (FAERS)"  $ "Shin J."  $ reviewer1 $ (1,)
 "Leveraging OmpSs to exploit hardware accelerators"  $ "Sainz F., Mateo S., Beltran V., Bosque J.L., Martorell X., Ayguadé E."  $ reviewer1 $ (1,)
 "Fast splittable pseudorandom number generators"  $ "Steele G.L., Jr., Lea D., Flood C.H."  $ reviewer1 $ (1,)
 "Tools for programming human robot interaction"  $ "Diprose J.P."  $ reviewer1 $ (1,)
 "Keeping your API keys in a safe"  $ "Lu H.K."  $ reviewer1 $ (1,)
 "Guest editorial: Advanced convergence technologies: Big data, IoT, cloud computing"  $ "Park J.H., Hung J.C., Yen N.Y., Jeong Y.-S."  $ reviewer1 $ (1,)
 "RemindMe: An enhanced mobile location-based reminder application"  $ "Ertugrul A.M., Onal I."  $ reviewer1 $ (1,)
 "HabaneroUPC++: A compiler-free PGAS library"  $ "Kumar V., Zheng Y., Cavé V., Budimlić Z., Sarkar V."  $ reviewer1 $ (1,)
 "OFF, Open source Finite volume Fluid dynamics code: A free, high-order solver based on parallel, modular, object-oriented Fortran API"  $ "Zaghi S."  $ reviewer1 $ (1,)
 "Extinct village 3D visualization and its evaluation with eye-movement recording"  $ "Popelka S., Dedkova P."  $ reviewer1 $ (1,)
 "Type names without static type checking already improve the usability of APIs (As Long as the Type Names are Correct): An Empirical Study"  $ "Spiza S., Hanenberg S."  $ reviewer1 $ ()
 "Itus: An implicit authentication framework for android"  $ "Khan H., Atwater A., Hengartner U."  $ reviewer1 $ (1,)
 "TRACER: A platform for securing legacy code"  $ "Stroggylos K., Mitropoulos D., Tzermias Z., Papadopoulos P., Rafailidis F., Spinellis D., Ioannidis S., Katsaros P."  $ reviewer1 $ (1,)
 "Detecting API usage obstacles: A study of iOS and android developer questions"  $ "Wang W., Godfrey M.W."  $ reviewer1 $ (1,)
 "Mining succinct and high-coverage API usage patterns from source code"  $ "Wang J., Dang Y., Zhang H., Chen K., Xie T., Zhang D."  $ reviewer1 $ (1,)
 "ExPort: Detecting and visualizing API usages in large source code repositories"  $ "Moritz E., Linares-Vasquez M., Poshyvanyk D., Grechanik M., McMillan C., Gethers M."  $ reviewer1 $ (1,)
 "An empirical study of API usability"  $ "Piccioni M., Furia C.A., Meyer B."  $ reviewer1 $ ()
 "HapFACS: An open source API/Software to generate FACS-based expressions for ECAs animation and for corpus generation"  $ "Amini R., Lisetti C."  $ reviewer1 $ (1,)
 "Evaluation of a programming toolkit for interactive public display applications"  $ "Cardoso J.C.S., José R."  $ reviewer1 $ (1,)
 "Global math: Development of online platform for mathematical thinking games"  $ "Fujimoto T., Nishimura K., Takahashi K., Yachi M., Takahashi K., Yamauchi Y."  $ reviewer1 $ (1,)
 "A first view of exedra: A domain-specific language for large graph analytics workflows"  $ "Dayarathna M., Suzumura T."  $ reviewer1 $ (1,)
 "Practical interruptible conversations: Distributed dynamic verification with session types and Python"  $ "Hu R., Neykova R., Yoshida N., Demangeon R., Honda K."  $ reviewer1 $ (1,)
 "Multi-dimensional exploration of API usage"  $ "De Roover C., Lammel R., Pek E."  $ reviewer1 $ (2,)
 "A fast synchronization mechanism for collaborative web applications based on HTML5"  $ "Katayama S.-Y., Goda T., Shiramatsu S., Ozono T., Shintani T."  $ reviewer1 $ (1,)
 "How do developers use APIs? A case study in concurrency"  $ "Blom S., Kiniry J., Huisman M."  $ reviewer1 $ (2,)
 "Declarative AR and image processing on the Web with Xflow"  $ "Klein F., Rubinsteiny D., Sonsz K., Einabadix F., Herhut S., Slusallek P."  $ reviewer1 $ (1,)
 "A novel integrated framework to increase software quality by mining source code"  $ "Khatoon S., Mahmood A., Li G., Xu J."  $ reviewer1 $ (1,)
 "Comparison and evaluation of source code mining tools and techniques: A qualitative approach"  $ "Khatoon S., Li G., Mahmood A."  $ reviewer1 $ (1,)
 "Java multi-histogram volume rendering framework for medical images"  $ "Senseney J., Bokinsky A., Cheng R., McCreedy E., McAuliffe M.J."  $ reviewer1 $ (1,)
 "Analyzing the eclipse API usage: Putting the developer in the loop"  $ "Businge J., Serebrenik A., Van Den Brand M."  $ reviewer1 $ (1,)
 "Automated API property inference techniques"  $ "Robillard M.P., Bodden E., Kawrykow D., Mezini M., Ratchford T."  $ reviewer1 $ (1,)
 "Influence of code completion methods on the usability of APIs"  $ "Scheller T., Kühn E."  $ reviewer1 $ ()
 "Recommending energy tariffs and load shifting based on smart household usage profiling"  $ "Fischer J.E., Ramchurn S.D., Osborne M.A., Parson O., Huynh T.D., Alam M., Pantidi N., Moran S., Bachour K., Reece S., Costanza E., Rodden T., Jennings N.R."  $ reviewer1 $ (0,)
 "Empirical evidence of large-scale diversity in API usage of object-oriented software"  $ "Mendez D., Baudry B., Monperrus M."  $ reviewer1 $ (1,)
 "IEEE 13th International Working Conference on Source Code Analysis and Manipulation, SCAM 2013"  $ "[No author name available]"  $ reviewer1 $ (1,)
 "Runtime invocation analysis of API objects in large code base"  $ "Khan M.A., Muhammad S., Muhammad T."  $ reviewer1 $ (1,)
 "WYSIWIB: Exploiting fine-grained program structure in a scriptable API-usage protocol-finding process"  $ "Lawall J.L., Brunel J., Palix N., Hansen R.R., Stuart H., Muller G."  $ reviewer1 $ (1,)
 "Performance of CPU/GPU compiler directives on ISO/TTI kernels"  $ "Ghosh S., Liao T., Calandra H., Chapman B.M."  $ reviewer1 $ (1,)
 "Improving the usability of OCL as an ad-hoc model querying language"  $ "Störrle H."  $ reviewer1 $ (2,)
 "Usable results from the field of API usability: A systematic mapping and further analysis"  $ "Burns C., Ferreira J., Hellmann T.D., Maurer F."  $ reviewer1 $ ()
 "A framework for extending usability engineering: API usability essentials: Extending usability via component-based platform"  $ "Munir M.B., Mushtaq A."  $ reviewer1 $ ()
 "Measuring software library stability through historical version analysis"  $ "Raemaekers S., Van Deursen A., Visser J."  $ reviewer1 $ (1,)
 "Recommending APIs for mashup completion using association rules mined from real usage data"  $ "Tapia B., Torres R., Astudillo H., Ortega P."  $ reviewer1 $ (1,)
 "Temanejo: Debugging of thread-based task-parallel programs in StarSS"  $ "Keller R., Brinkmann S., Gracia J., Niethammer C."  $ reviewer1 $ (1,)
 "PPModel: A modeling tool for source code maintenance and optimization of parallel programs"  $ "Jacob F., Gray J., Carver J.C., Mernik M., Bangalore P."  $ reviewer1 $ (1,)
 "Ontology Library: A new approach for storing, searching and discovering ontologies"  $ "Kotowski D., Stacey D.A."  $ reviewer1 $ (1,)
 "Customized mashups for improved reputation visualization"  $ "Spycher N., Portmann E."  $ reviewer1 $ (1,)
 "Proceedings of the 1st ACM SIGSPATIAL International Workshop on Mobile Geographic Information Systems, MobiGIS 2012 - In Conjunction with the 20th ACM SIGSPATIAL International Conference on Advances in Geographic Information Systems, GIS 2012"  $ "[No author name available]"  $ reviewer1 $ (0,)
 "Typestate-based semantic code search over partial programs"  $ "Mishne A., Shoham S., Yahav E."  $ reviewer1 $ (1,)
 "Methods towards API usability: A structural analysis of usability problem categories"  $ "Grill T., Polacek O., Tscheligi M."  $ reviewer1 $ ()
 "Towards high performance and usability programming model for heterogeneous HPC platforms"  $ "Lee M., Jo H., Choi D.H."  $ reviewer1 $ (0,)
 "Typestate-based semantic code search over partial programs"  $ "Mishne A., Shoham S., Yahav E."  $ reviewer1 $ (1,)
 "Towards high performance and usability programming methodology for heterogeneous HPC architectures"  $ "Lee M., Jo H., Choi D.H."  $ reviewer1 $ (1,)
 "Evaluating forum discussions to inform the design of an API critic"  $ "Rupakheti C.R., Hou D."  $ reviewer1 $ (2,)
 "CriticAL: A critic for APIs and libraries"  $ "Rupakheti C.R., Hou D."  $ reviewer1 $ (2,)
 "Graph-based pattern-oriented, context-sensitive source code completion"  $ "Nguyen A.T., Nguyen T.T., Nguyen H.A., Tamrawi A., Nguyen H.V., Al-Kofahi J., Nguyen T.N."  $ reviewer1 $ (1,)
 "GraPacc: A graph-based pattern-oriented, context-sensitive code completion tool"  $ "Nguyen A.T., Nguyen H.A., Nguyen T.T., Nguyen T.N."  $ reviewer1 $ (1,)
 "Synthesizing API usage examples"  $ "Buse R.P.L., Weimer W."  $ reviewer1 $ ()
 "Adaptable swarm intelligence framework"  $ "Cuibus M., Potolea R."  $ reviewer1 $ (2,)
 "@tComment: Testing javadoc comments to detect comment-code inconsistencies"  $ "Tan S.H., Marinov D., Tan L., Leavens G.T."  $ reviewer1 $ (1,)
 "Using compiler directives for accelerating CFD applications on GPUs"  $ "Jin H., Kellogg M., Mehrotra P."  $ reviewer1 $ (1,)
 "A qualitative human-centric evaluation of flexibility in middleware implementations"  $ "Maia R., Cerqueira R., De Souza C.S., Guisasola-Gorham T."  $ reviewer1 $ (1,)
 "Influencing factors on the usability of API classes and methods"  $ "Scheller T., Kuhn E."  $ reviewer1 $ ()
 "Libtrace: A packet capture and analysis library"  $ "Alcock S., Lorier P., Nelson R."  $ reviewer1 $ (1,)
 "Kokkos Array performance-portable manycore programming model"  $ "Edwards H.C., Sunderland D."  $ reviewer1 $ (1,)
 "Detecting API usage patterns from software repositories using method categorization"  $ "Akbar R.J., Omori T., Maruyama K."  $ reviewer1 $ (1,)
 "4th International Conference on Human-Centered Software Engineering, HCSE 2016"  $ "[No author name available]"  $ reviewer1 $ (1,)
 "A parallel meshless numerical approach for the solution of transport phenomena"  $ "Kosec G., Trobec R."  $ reviewer1 $ (0,)
 "Wikipedia miner engine: A re-usable e-learning service based on a virtual MVC design pattern"  $ "Cortez R., Vazhenin A., Brine J."  $ reviewer1 $ (1,)
 "Adding meaning to facebook microposts via a mash-up API and tracking its data provenance"  $ "Steiner T., Verborgh R., Vallés J.G., Van De Walle R."  $ reviewer1 $ (1,)
 "A Framework for automatically mining source code"  $ "Khatoon S., Li G., Ashfaq R.M."  $ reviewer1 $ (2,)
 "Measurable concepts for the usability of software components"  $ "Scheller T., Kühn E."  $ reviewer1 $ ()
 "The role of conceptual knowledge in API usability"  $ "Ko A.J., Riche Y."  $ reviewer1 $ (2,)
 "Analytical study of parallel and distributed image processing"  $ "Prajapati H.B., Vij S.K."  $ reviewer1 $ (1,)
 "Inferring specifications for resources from natural language API documentation"  $ "Zhong H., Zhang L., Xie T., Mei H."  $ reviewer1 $ ()
 "Comparison of Google maps API and openlayers for WebGIS development"  $ "Huang P.-Y., Jan J.-F."  $ reviewer1 $ (1,)
 "A multilingual chat system with image presentation for detecting mistranslation"  $ "Hosogai E., Mukai T., Jung S., Kowase Y., Bossard A., Xu Y., Ishikawa M., Kaneko K."  $ reviewer1 $ (1,)
 "A multilingual chat system with image presentation for detecting mistranslation"  $ "Hosogai E., Mukai T., Jung S., Kowase Y., Bossard A., Xu Y., Ishikawa M., Kaneko K."  $ reviewer1 $ (1,)
 "OpenID authentication as a service in OpenStack"  $ "Khan R.H., Ylitalo J., Ahmed A.S."  $ reviewer1 $ (1,)
 "Dynamic analysis of enterprise business scenarios"  $ "Budnik L., Krawczyk H."  $ reviewer1 $ (1,)
 "Developer-friendly annotation-based HTML-to-XML transformation technology"  $ "Tseng L.C.-H."  $ reviewer1 $ (1,)
 "Library management system in a laboratory scale cooperated with book seller sites"  $ "Kawagoi K., Tominaga H."  $ reviewer1 $ (1,)
 "A secure field programmable gate array based System-on-Chip for Telemedicine application"  $ "Thamrin N.M., Ahmad I., Hani M.K."  $ reviewer1 $ (1,)
 "Detecting resource leaks through dynamical mining of resource usage patterns"  $ "Zhang H., Wu G., Chow K., Yu Z., Xing X."  $ reviewer1 $ (1,)
 "Bio-CAD reverse engineering of free-form surfaces by planar contours"  $ "Ameddah H., Assas M."  $ reviewer1 $ (1,)
 "Correct code containing containers"  $ "Dross C., Filliâtre J.-C., Moy Y."  $ reviewer1 $ (1,)
 "Large-scale, AST-based API-usage analysis of open-source Java projects"  $ "Lämmel R., Pek E., Starek J."  $ reviewer1 $ (1,)
 "MACs: Mining API code snippets for code reuse"  $ "Hsu S.-K., Lin S.-J."  $ reviewer1 $ (2,)
 "Information flow enforcement in monadic libraries"  $ "Devriese D., Piessens F."  $ reviewer1 $ (1,)
 "SAGA-based user environment for distributed computing resources: A universal grid solution over multi-middleware infrastructures"  $ "Iwai G., Kawai Y., Sasaki T., Watase Y."  $ reviewer1 $ (1,)
 "A graph-based approach to API usage adaptation"  $ "Nguyen H.A., Nguyen T.T., Wilson Jr. G., Nguyen A.T., Kim M., Nguyen T.N."  $ reviewer1 $ (1,)
 "SAGA-based file access application over multi-filesystem middleware"  $ "Kawai Y., Iwai G., Sasaki T., Watase Y."  $ reviewer1 $ (1,)
 "CoDocent: Support API usage with code example and API documentation"  $ "Wu Y.-C., Mar L.W., Jiau H.C."  $ reviewer1 $ (1,)
 "Mining source code for structural regularities"  $ "Lozano A., Kellens A., Mens K., Arevalo G."  $ reviewer1 $ (1,)
 "The API walkthrough method: A lightweight method for getting early feedback about an API"  $ "O'Callaghan P."  $ reviewer1 $ ()
 "Open exposure of telco capabilities: Identification of critical success factors for location-based services in open telco"  $ "Suikkola V."  $ reviewer1 $ (1,)
 "Process centric guidance and tools for next generation network services API design"  $ "Ramkumar S., Kumar S., Shiroor R."  $ reviewer1 $ (2,)
 "Web4Desktop, a framework for improving the usability of web applications"  $ "Carstoiu B., Carstoiu D."  $ reviewer1 $ (1,)
 "Remote medical treatment at home using the Java Mobile Sensor API"  $ "Maaser M., Ortmann S."  $ reviewer1 $ (1,)
 "Liquid diagrams: Information visualisation gadgets"  $ "Andrews K., Lessacher M."  $ reviewer1 $ (1,)
 "What is the price of simplicity? A cross-platform evaluation of the SAGA API"  $ "Den Burger M., Jacobs C., Kielmann T., Merzky A., Weidner O., Kaiser H."  $ reviewer1 $ (1,)
 "A graph-based approach to API usage adaptation"  $ "Nguyen H.A., Nguyen T.T., Wilson Jr. G., Nguyen A.T., Kim M., Nguyen T.N."  $ reviewer1 $ (1,)
 "Mining source codes to guide software development"  $ "Hsu S.-K., Lin S.-J."  $ reviewer1 $ (2,)
 "2010 ICSE Workshop on Search-Driven Development: Users, Infrastructure, Tools and Evaluation, SUITE 2010"  $ "[No author name available]"  $ reviewer1 $ (1,)
 "Searching API usage examples in code repositories with sourcerer API search"  $ "Bajracharya S., Ossher J., Lopes C."  $ reviewer1 $ (1,)
 "API usability peer reviews: A method for evaluating the usability of application programming interfaces"  $ "Farooq U., Welicki L., Zirkler D."  $ reviewer1 $ (2,)
 "Apatite: A new interface for exploring APIs"  $ "Eisenberg D.S., Stylos J., Myers B.A."  $ reviewer1 $ (2,)
 "Using concept maps to evaluate the usability of APIs"  $ "Gerken J., Jetter H.-C., Reiterer H."  $ reviewer1 $ ()
 "Using AOP to ensure component interactions in component-based software"  $ "Zhou J., Ji Y., Zhao D., Liu J."  $ reviewer1 $ (1,)
 "Automatically identifying targets users interact with during real world tasks"  $ "Hurst A., Hudson S.E., Mankoff J."  $ reviewer1 $ (1,)
 "API peer reviews: A method for evaluating usability of application programming interfaces"  $ "Farooq U., Zirkler D."  $ reviewer1 $ ()
 "Ulmo: A system to enable mobile applications personalization by binary SMS"  $ "Teófilo M., Martini A., Cruz P."  $ reviewer1 $ (1,)
 "Dynamically inferring, refining, and checking API usage protocols"  $ "Pradel M."  $ reviewer1 $ (1,)
 "Improving API usage through automatic detection of redundant code"  $ "Kawrykow D., Robillard M.P."  $ reviewer1 $ (2,)
 "Mining quantified temporal rules: Formalism, algorithms, and evaluation"  $ "Lo D., Ramalingam G., Ranganath V.P., Vaswani K."  $ reviewer1 $ (2,)
 "InSeRt - An intent-based service request API for service exposure in Next Generation Networks"  $ "Blum N., Dutkowski S., Magedanz T."  $ reviewer1 $ (1,)
 "Improving API documentation using API usage information"  $ "Stylos J., Faulring A., Yang Z., Myers B.A."  $ reviewer1 $ ()
 "Beyond programmable shading (parts I and II)"  $ "Lefohn A., Houston M., Andersson J., Assarsson U., Everitt C., Fatahalian K., Foley T., Hensley J., Lalonde P., Luebke D."  $ reviewer1 $ (1,)
 "APIs à gogo: Automatic generation of ontology APIs"  $ "Parreiras F.S., Saathoff C., Walter T., Franz T., Staab S."  $ reviewer1 $ (1,)
 "A sign language screen reader for deaf"  $ "Ghoul O.E., Jemni M."  $ reviewer1 $ (1,)
 "Improving API documentation usability with knowledge pushing"  $ "Dekel U., Herbsleb J.D."  $ reviewer1 $ ()
 "WYSIWIB: A declarative approach to finding API protocols and bugs in linux code"  $ "Lawall J.L., Brunel J., Palix N., Hansen R.R., Stuart H., Muller G."  $ reviewer1 $ (1,)
 "Safer typing of complex API usage through java generics"  $ "Harrison W., Lievens D., Simeoni F."  $ reviewer1 $ (1,)
 "What makes APIs hard to learn? answers from developers"  $ "Robillard M.P."  $ reviewer1 $ ()
 "Evaluating groupware accessibility"  $ "Schoeberlein J.G., Wang Y."  $ reviewer1 $ (1,)
 "Analysing PKCS#11 key management APIs with unbounded fresh data"  $ "Fröschle S., Steel G."  $ reviewer1 $ (1,)
 "API usability: CHI'2009 special interest group meeting"  $ "Daughtry J.M., Farooq U., Stylos J., Myers B.A."  $ reviewer1 $ ()
 "MaeRobot: An open source test platform for prototyping robots"  $ "De F. O. Araújo T., De S. Falc̃ao M.A., Lima A.M.N., Loureiro C.F.C.L."  $ reviewer1 $ (1,)
 "Improving documentation for eSOA APIs through user studies"  $ "Jeong S.Y., Xie Y., Beaton J., Myers B.A., Stylos J., Ehret R., Karstens J., Efeoglu A., Busse D.K."  $ reviewer1 $ (0,)
 "PLURAL: Checking protocol compliance under aliasing"  $ "Bierhoff K., Aldrich J."  $ reviewer1 $ (1,)
 "Freebase: A collaboratively created graph database for structuring human knowledge"  $ "Bollacker K., Evans C., Paritosh P., Sturge T., Taylor J."  $ reviewer1 $ (1,)
 "Using GCC instead of grep and sed"  $ "Glek T., Mandelin D."  $ reviewer1 $ (1,)
 "Automated formal testing of C API using T2C framework"  $ "Khoroshilov A.V., Rubanov V.V., Shatokhin E.A."  $ reviewer1 $ (1,)
 "Software structure for Vega/Chara instrument"  $ "Clausse J.-M., Fizeau A.H."  $ reviewer1 $ (1,)
 "3rd International Symposium on Leveraging Applications of Formal Methods, Verification and Validation, ISoLA 2008"  $ "[No author name available]"  $ reviewer1 $ (1,)
 "Usability and implementation experiences with cots products used as a distributed client platform"  $ "Wagner S., Nielsen C.C."  $ reviewer1 $ (1,)
 "Ruby, PHP, Perl, Python: A web efficiency comparison"  $ "Eggen R., Jones C., Eggen M."  $ reviewer1 $ (1,)
 "A case study of API redesign for improved usability"  $ "Stylos J., Graf B., Busse D.K., Ziegler C., Ehret R., Karstens J."  $ reviewer1 $ ()
 "An aspect-oriented software architecture for code mobility"  $ "Lobato C., Garcia A., Romanovsky A., Lucena C."  $ reviewer1 $ (1,)
 "An adaptive parallel pipeline pattern for grids"  $ "González-Vélez H., Cole M."  $ reviewer1 $ (1,)
 "Optimizing non-blocking collective operations for InfiniBand"  $ "Hoefler T., Lumsdaine A."  $ reviewer1 $ (1,)
 "Indexing the Java API using source code"  $ "Homan M., Amor R., Tempero E."  $ reviewer1 $ (1,)
 "Massively multi-robot simulation in stage"  $ "Vaughan R."  $ reviewer1 $ (1,)
 "Effective typestate verification in the presence of aliasing"  $ "Fink S.J., Yahav E., Dor N., Ramalingam G., Geay E."  $ reviewer1 $ (1,)
 "Towards simplifying grid enablement for scientific applications"  $ "Song Y., Tanaka Y., Nakada H., Sekiguchi S."  $ reviewer1 $ (1,)
 "Certification tools of ubiquitous mobile platform"  $ "Lee S.-Y., Choi B.-U."  $ reviewer1 $ (1,)
 "Mining API patterns as partial orders from source code: From usage scenarios to specifications"  $ "Acharya M., Xie T., Pei J., Xu J."  $ reviewer1 $ ()
 "A distributed parallel computing environment for bioinformatics problems"  $ "Xu G., Lu F., Yu H., Xu Z."  $ reviewer1 $ (1,)
 "An adaptation manager for personalized mobile web searches"  $ "Woemdl W., Yousef H."  $ reviewer1 $ (1,)
 "The factory pattern in API design: A usability evaluation"  $ "Ellis B., Stylos J., Myers B."  $ reviewer1 $ ()
 "Usability implications of requiring parameters in objects' constructors"  $ "Stylos J., Clarke S."  $ reviewer1 $ ()
 "Advantages of using language integrated queries technology"  $ "Mitter F., Stopper M."  $ reviewer1 $ (1,)
 "MAPO: Mining API usages from open source repositories"  $ "Xie T., Pei J."  $ reviewer1 $ (2,)
 "Virtual manufacturing of milling operations with multiple tool paths"  $ "Sormaz D.N., Pisipati D.V., Borse P.A."  $ reviewer1 $ (1,)
 "Approximate structural context matching: An approach to recommend relevant examples"  $ "Holmes R., Walker R.J., Murphy G.C."  $ reviewer1 $ (1,)
 "Innovative approach for emission monitoring and control"  $ "Gokhale P.S."  $ reviewer1 $ (1,)
 "A modular implementation framework for code mobility"  $ "Lobato C., Garcia A., Lucena C., Romanovsky A."  $ reviewer1 $ (1,)
 "Transparent adaptation of single-user applications for multi-user real-time collaboration"  $ "Sun C., Xia S., Sun D., Chen D., Shen H., Cai W."  $ reviewer1 $ (1,)
 "Proceedings of the 3rd International Conference on Mobile Technology, Applications and Systems"  $ "[No author name available]"  $ reviewer1 $ (1,)
 "An adaptive algorithm for active queue management"  $ "Wang C., Lin Y., Sohraby K., Li B."  $ reviewer1 $ (1,)
 "Self-adaptive hints for collective I/O"  $ "Worringen J."  $ reviewer1 $ (1,)
 "GeNGA, a generic contract negotiation model [GeNGA, un modèle général de négociation de contrats]"  $ "Mathieu P., Verrons M.-H."  $ reviewer1 $ (1,)
 "A java API for global querying and updates for a system of databases"  $ "Sunderraman R., Dogdu E., Madiraju P., Malladi L."  $ reviewer1 $ (1,)
 "Development of a new interchangeable virtual instrument class specification"  $ "Kennedy C."  $ reviewer1 $ (1,)
 "From theory to practice in transactional composition of Web Services"  $ "Bruni R., Ferrari G., Melgratti H., Montanari U., Strollo D., Tuosto E."  $ reviewer1 $ (1,)
 "GPU-based trimming and tessellation of NURBS and T-Spline surfaces"  $ "Guthe M., Balázs Á., Klein R."  $ reviewer1 $ (1,)
 "Keyjacking: The surprising insecurity of client-side SSL"  $ "Marchesini J., Smith S.W., Zhao M."  $ reviewer1 $ (1,)
 "Explaining answers from the semantic web: The inference web approach"  $ "McGuinness D.L., Da Silva P.P."  $ reviewer1 $ (1,)
 "Measuring API Usability"  $ "Clarke S."  $ reviewer1 $ ()
 "Software for the Next-Generation Automobile"  $ "Simonds C."  $ reviewer1 $ (1,)
 "Robotic control & 3D GUIs"  $ "Jones H., Snyder M."  $ reviewer1 $ (1,)
 "ARLib: The augmented library"  $ "Umlauf E.J., Piringer H., Reitmayr G., Schmalstieg D."  $ reviewer1 $ (1,)
 "Creating Java to native code interfaces with Janet"  $ "Bubak M., Kurzyniec D., Luszczek P., Sunderam V."  $ reviewer1 $ (2,)
 "The GIOD project - Globally interconnected object databases"  $ "Bunn J.J., Holtman K., Newman H.B., Wilkinson R.P."  $ reviewer1 $ (1,)
 "Software's invisible users"  $ "Whittaker J.A."  $ reviewer1 $ (1,)
 "Snap-together visualization: Can users construct and operate coordinated visualizations?"  $ "North C., Shneiderman B."  $ reviewer1 $ (1,)
 "Lean-server foundation for collaborative design"  $ "Hale M.A., Mavris D.N."  $ reviewer1 $ (1,)
 "Snap-Together Visualization: A user interface for coordinating visualizations via relational schemata"  $ "North Chris, Shneiderman Ben"  $ reviewer1 $ (1,)
 "Design of Holmes: a tool for domain analysis and engineering"  $ "Succi G., Eberlein A., Yip J., Luc K., Nguy M., Tan Y."  $ reviewer1 $ (1,)
 "Proceedings of the 1998 International Conference on Intelligent User Interfaces, IUI"  $ "[No author name available]"  $ reviewer1 $ (1,)
 "A usability study of end-user construction of distributed multimedia applications"  $ "McCartney T.P."  $ reviewer1 $ (1,)
 "Software development environments for massively parallel systems"  $ "Castelli G."  $ reviewer1 $ (1,)
 "A management architecture based on network topology information"  $ "Oliveira J.L., Martins J.A."  $ reviewer1 $ (1,)
