 "You Get Where You're Looking for: The Impact of Information Sources on Code Security"  $ "Acar Y., Backes M., Fahl S., Kim D., Mazurek M.L., Stransky C."  $ reviewer3 $ ()
 "Designing and evaluating the usability of an API for real-time multimedia services in the Internet"  $ "López-Fernández L., García B., Gallego M., Gortázar F."  $ reviewer3 $ ()
 "SamzaSQL: Scalable fast data management with streaming SQL"  $ "Pathirage M., Hyde J., Pan Y., Plale B."  $ reviewer3 $ (1,)
 "Best practices for scalable power measurement and control"  $ "Walker S., McFadden M."  $ reviewer3 $ ()
 "Generic drone control platform for autonomous capture of cinema scenes"  $ "Fleureau J., Galvane Q., Tariolle F.-L., Guillotel P."  $ reviewer3 $ ()
 "The geospatial data quality REST API for primary biodiversity data"  $ "Otegui J., Guralnick R.P."  $ reviewer3 $ (1,)
 "Improving localization accuracy of android's Fused Location Provider API using Kalman Filter"  $ "Gurram B., Giri N."  $ reviewer3 $ ()
 "Learning API usages from bytecode: A statistical approach"  $ "Nguyen T.T., Pham H.V., Vu P.M., Nguyen T.T."  $ reviewer3 $ ()
 "Linking usage tutorials into API client code"  $ "Wu N., Hou D., Liu Q."  $ reviewer3 $ ()
 "A large-scale study on repetitiveness, containment, and composability of routines in open-source projects"  $ "Nguyen A.T., Nguyen H.A., Nguyen T.N."  $ reviewer3 $ (1,)
 "A study of modern Linux API usage and compatibility: What to support when you're supporting"  $ "Tsai C.-C., Jain B., Abdul N.A., Porter D.E."  $ reviewer3 $ ()
 "Guiding software developers by social networking application plug-in using the multiple bridge source repository through a data mining integrated approach"  $ "Corraya A.D., Sumi M.A., Shachi S.I., Rahman Z."  $ reviewer3 $ ()
 "Mining API expertise profiles with Partial Program Analysis"  $ "Mani S., Padhye R., Sinha V.S."  $ reviewer3 $ ()
 "3D ITS campus on the web: A WebGL implementation"  $ "Yuniarti A., Atidnminanto A., Mardasatria A., Hariadi R.R., Suciati N."  $ reviewer3 $ ()
 "Inferring web API descriptions from usage data"  $ "Suter P., Wittern E."  $ reviewer3 $ ()
 "Divide-and-conquer approach for multi-phase statistical migration for source code"  $ "Nguyen A.T., Nguyen T.T., Nguyen T.N."  $ reviewer3 $ ()
 "UML-based model-driven REST API development"  $ "Rossi D."  $ reviewer3 $ (1,)
 "Design and implement an interoperable Internet of Things application based on an extended OGC sensorthings API Standard"  $ "Huang C.Y., Wu C.H."  $ reviewer3 $ ()
 "SSG: Sensor security guard for android smartphones"  $ "Li B., Zhang Y., Lyu C., Li J., Gu D."  $ reviewer3 $ (1,)
 "Querying a graph database - Language selection and performance considerations"  $ "Holzschuher F., Peinl R."  $ reviewer3 $ ()
 "ECO ECO: Changing climate related behaviors for cellphone-based videogames"  $ "Zou Y.R., Mustafa N., Memon N.A., Eid M."  $ reviewer3 $ (1,)
 "A course-based usability analysis of Cilk Plus and OpenMP"  $ "Coblenz M., Seacord R., Myers B., Sunshine J., Aldrich J."  $ reviewer3 $ ()
 "Visualization based API usage patterns refining"  $ "Saied M.A., Benomar O., Sahraoui H."  $ reviewer3 $ ()
 "Timing characterization of OpenMP4 tasking model"  $ "Serrano M.A., Melani A., Vargas R., Marongiu A., Bertogna M., Quiñones E."  $ reviewer3 $ (1,)
 "Android Malware Detection Based on Static Analysis of Characteristic Tree"  $ "Li Q., Li X."  $ reviewer3 $ (1,)
 "Consensus-based mining of API preconditions in big code"  $ "Nguyen H.A., Dyer R., Nguyen T.N., Rajan H."  $ reviewer3 $ (1,)
 "Computing framework for dynamic integration of reconfigurable resources in a cloud"  $ "Knodel O., Spallek R.G."  $ reviewer3 $ (1,)
 "LW-RDMA: Design and implementation of a lightweight RDMA API for InfiniBand-based clusters"  $ "Kim B., Jung H."  $ reviewer3 $ (1,)
 "Multiple ontology workspace management and performance assessment"  $ "Xu X., Luis G.M., Lobov A., Lastra J.L.M."  $ reviewer3 $ ()
 "A New Platform for Cross-Repository Creation and Sharing of Educational Resources: Architecture and a Case Study"  $ "Favario L., Meo A.R., Masala E."  $ reviewer3 $ (1,)
 "Neural networks for sentiment analysis on Twitter"  $ "Duncan B., Zhang Y."  $ reviewer3 $ ()
 "Mining Android Apps for Anomalies"  $ "Kuznetsov K., Gorla A., Tavecchia I., Groß F., Zeller A."  $ reviewer3 $ ()
 "A Case Study of Web API Evolution"  $ "Sohan S.M., Anslow C., Maurer F."  $ reviewer3 $ ()
 "Could We Infer Unordered API Usage Patterns Only Using the Library Source Code?"  $ "Saied M.A., Abdeen H., Benomar O., Sahraoui H."  $ reviewer3 $ ()
 "A dataset for API usage"  $ "Sawant A.A., Bacchelli A."  $ reviewer3 $ ()
 "Recommending posts concerning API issues in developer Q&A sites"  $ "Wang W., Malik H., Godfrey M.W."  $ reviewer3 $ ()
 "adLIMS: A customized open source software that allows bridging clinical and basic molecular research studies"  $ "Calabria A., Spinozzi G., Benedicenti F., Tenderini E., Montini E."  $ reviewer3 $ (1,)
 "Rapido: A sketching tool for web API designers"  $ "Mitra R."  $ reviewer3 $ (1,)
 "Distributed tools for interactive design of heterogeneous signal networks"  $ "Malloch J., Sinclair S., Wanderley M.M."  $ reviewer3 $ (4,)
 "Pravaaha: Mining android applications for discovering API call usage patterns and trends"  $ "Lamba Y., Khattar M., Sureka A."  $ reviewer3 $ ()
 "Some structural measures of API usability"  $ "Rama G.M., Kak A."  $ reviewer3 $ ()
 "An observational study on API usage constraints and their documentation"  $ "Saied M.A., Sahraoui H., Dufour B."  $ reviewer3 $ ()
 "Unified compile-time and runtime Java annotation processing"  $ "Pigula P., Nosál M."  $ reviewer3 $ (1,)
 "Usability of educational technology APIs: Findings and guidelines"  $ "Kapros E., Peirce N."  $ reviewer3 $ (1,)
 "Complex Elastic Optical Network Simulator (CEONS)"  $ "Aibin M., Blazejewski M."  $ reviewer3 $ (1,)
 "Internet-based enterprise innovation through a community-based API builder to manage APIs"  $ "Tsouroplis R., Petychakis M., Alvertis I., Biliri E., Lampathaki F., Askounis D."  $ reviewer3 $ (1,)
 "Improving authentication and authorization for identity based cloud environment using oauth with fuzzy based blowfish algorithm"  $ "George J.A., Hemalatha M."  $ reviewer3 $ (1,)
 "A software-defined cloud resource management framework"  $ "Abbasi A.A., Jin H., Wu S."  $ reviewer3 $ (1,)
 "The CIPRES workbench: A flexible framework for creating science gateways"  $ "Miller M.A., Schwartz T., Hoover P., Yoshimoto K., Sivagnanam S., Majumdar A."  $ reviewer3 $ (2,)
 "Enpublic apps: Security threats using iOS enterprise and developer certificates"  $ "Zheng M., Xue H., Zhang Y., Wei T., Lui J.C.S."  $ reviewer3 $ (4,)
 "Big data clone detection using classical detectors: an exploratory study"  $ "Svajlenko J., Keivanloo I., Roy C.K."  $ reviewer3 $ (1,)
 "W2E-Wellness warehouse engine for semantic interoperability of consumer health data"  $ "Honko H., Andalibi V., Aaltonen T., Parak J., Saaranen M., Viik J., Korhonen I."  $ reviewer3 $ (1,)
 "CSN: The conceptually manageable sensor network"  $ "Joe W., Lee J., Jeong K."  $ reviewer3 $ ()
 "ExaShark: A scalable hybrid array kit for exascale simulation"  $ "Chakroun I., Vander Aa T., De Fraine B., Haber T., Wuyts R., Demeuter W."  $ reviewer3 $ (4,)
 "Leveraging diagrid hub for interactively generating and running parallel programs"  $ "Arora R., Chen K., Gupta M., Clark S., Song C."  $ reviewer3 $ (1,)
 "Platys: An active learning framework for place-aware application development and its evaluation"  $ "Murukannaiah P.K., Singh M.P."  $ reviewer3 $ (1,)
 "ValWorkBench: An open source Java library for cluster validation, with applications to microarray data analysis"  $ "Giancarlo R., Scaturro D., Utro F."  $ reviewer3 $ (3,)
 "A linked data framework for android"  $ "Rosoiu M.-E., David J., Euzenat J."  $ reviewer3 $ (1,)
 "11th International Conference on Security and Privacy in Communication Networks, SecureComm 2015"  $ "[No author name available]"  $ reviewer3 $ (3,)
 "Ten recommendations for software engineering in research"  $ "Hastings J., Haug K., Steinbeck C."  $ reviewer3 $ (1,)
 "SmartColor: Real-time color correction and contrast for optical see-through head-mounted displays"  $ "David Hincapié-Ramos J., Ivanchuk L., Sridharan S.K., Irani P."  $ reviewer3 $ (1,)
 "The framework for accessible applications: Text-based case for blind people"  $ "Pozhidaev M."  $ reviewer3 $ (4,)
 "Mining API usage examples from test code"  $ "Zhu Z., Zou Y., Xie B., Jin Y., Lin Z., Zhang L."  $ reviewer3 $ ()
 "Applying the cognitive dimensions of API usability to improve API documentation planning"  $ "Watson R."  $ reviewer3 $ ()
 "Statistical learning approach for mining API usage mappings for code migration"  $ "Nguyen A.T., Nguyen H.A., Nguyen T.T., Nguyen T.N."  $ reviewer3 $ ()
 "Statistical learning of API mappings for language migration"  $ "Nguyen A.T., Nguyen H.A., Nguyen T.T., Nguyen T.N."  $ reviewer3 $ ()
 "Mining energy-greedy API usage patterns in android apps: An empirical study"  $ "Linares-Vásquez M., Bavota G., Bernal-Cárdenas C., Oliveto R., Di Penta M., Poshyvanyk D."  $ reviewer3 $ (1,)
 "Empirical analysis of GUI programming concerns"  $ "Mijailović Ž., Milićev D."  $ reviewer3 $ (1,)
 "11th Working Conference on Mining Software Repositories, MSR 2014 - Proceedings"  $ "[No author name available]"  $ reviewer3 $ (4,)
 "Context-sensitive code completion tool for better API usability"  $ "Asaduzzaman M., Roy C.K., Schneider K.A., Hou D."  $ reviewer3 $ (1,)
 "Identifying performance issues based on method invocation patterns of an API"  $ "Khan M.A., Muhammad S., Muhammad T."  $ reviewer3 $ (1,)
 "Security signature inference for javascript-based browser addons"  $ "Kashyap V., Hardekopf B."  $ reviewer3 $ (1,)
 "ACUA: API change and usage auditor"  $ "Wu W., Adams B., Gueheneuc Y.-G., Antoniol G."  $ reviewer3 $ ()
 "Deriving folksonomies for improving web API search"  $ "Bianchini D."  $ reviewer3 $ (1,)
 "API as a social glue"  $ "Padhye R., Mukherjee D., Sinha V.S."  $ reviewer3 $ ()
 "Leveraging OmpSs to exploit hardware accelerators"  $ "Sainz F., Mateo S., Beltran V., Bosque J.L., Martorell X., Ayguadé E."  $ reviewer3 $ (1,)
 "An API design process in terms of usability: A case study on building more usable apis for smart TV platform"  $ "Lee S., Lee S., Lim S., Jung J., Choi S., Kim N., Lee J.-B."  $ reviewer3 $ ()
 "Tools for programming human robot interaction"  $ "Diprose J.P."  $ reviewer3 $ (1,)
 "Experiences with user-centered design for the tigres workflow API"  $ "Ramakrishnan L., Poon S., Hendrix V., Gunter D., Pastorello G.Z., Agarwal D."  $ reviewer3 $ (1,)
 "Guest editorial: Advanced convergence technologies: Big data, IoT, cloud computing"  $ "Park J.H., Hung J.C., Yen N.Y., Jeong Y.-S."  $ reviewer3 $ (1,)
 "KMA: A dynamic memory manager for OpenCL"  $ "Spliet R., Howes L., Gaster B.R., Varbanescu A.L."  $ reviewer3 $ (1,)
 "HabaneroUPC++: A compiler-free PGAS library"  $ "Kumar V., Zheng Y., Cavé V., Budimlić Z., Sarkar V."  $ reviewer3 $ (1,)
 "SimITK: Visual programming of the ITK image-processing library within simulink"  $ "Dickinson A.W.L., Abolmaesumi P., Gobbi D.G., Mousavi P."  $ reviewer3 $ (3,)
 "Extinct village 3D visualization and its evaluation with eye-movement recording"  $ "Popelka S., Dedkova P."  $ reviewer3 $ (1,)
 "Incorporating Green into Production and Consumption Behaviours toward Sustainable Logistics Optimization in Process Systems"  $ "Shimizu Y."  $ reviewer3 $ (2,)
 "Itus: An implicit authentication framework for android"  $ "Khan H., Atwater A., Hengartner U."  $ reviewer3 $ (1,)
 "Generating API-usage example for project developers"  $ "Zhu Z., Zou Y., Jin Y., Xie B."  $ reviewer3 $ ()
 "Detecting API usage obstacles: A study of iOS and android developer questions"  $ "Wang W., Godfrey M.W."  $ reviewer3 $ ()
 "Structural detection of Android malware using embedded call graphs"  $ "Gascon H., Yamaguchi F., Arp D., Rieck K."  $ reviewer3 $ (1,)
 "ExPort: Detecting and visualizing API usages in large source code repositories"  $ "Moritz E., Linares-Vasquez M., Poshyvanyk D., Grechanik M., McMillan C., Gethers M."  $ reviewer3 $ ()
 "A distributional semantic search infrastructure for linked dataspaces"  $ "Freitas A., O'Riain S., Curry E."  $ reviewer3 $ (1,)
 "HapFACS: An open source API/Software to generate FACS-based expressions for ECAs animation and for corpus generation"  $ "Amini R., Lisetti C."  $ reviewer3 $ (1,)
 "TalkingAndroid: An interactive, multimodal and real-time talking avatar application on mobile phones"  $ "Lin H., Jia J., Wu X., Cai L."  $ reviewer3 $ (1,)
 "Global math: Development of online platform for mathematical thinking games"  $ "Fujimoto T., Nishimura K., Takahashi K., Yachi M., Takahashi K., Yamauchi Y."  $ reviewer3 $ (3,)
 "MapReduce: Limitations, optimizations and open issues"  $ "Kalavri V., Vlassov V."  $ reviewer3 $ (1,)
 "Practical interruptible conversations: Distributed dynamic verification with session types and Python"  $ "Hu R., Neykova R., Yoshida N., Demangeon R., Honda K."  $ reviewer3 $ (1,)
 "Integrated Formal Methods - 10th International Conference, IFM 2013, Proceedings"  $ "[No author name available]"  $ reviewer3 $ (3,)
 "A fast synchronization mechanism for collaborative web applications based on HTML5"  $ "Katayama S.-Y., Goda T., Shiramatsu S., Ozono T., Shintani T."  $ reviewer3 $ (1,)
 "AutoQUEST - Automated quality engineering of event-driven software"  $ "Herbold S., Harms P."  $ reviewer3 $ ()
 "Declarative AR and image processing on the Web with Xflow"  $ "Klein F., Rubinsteiny D., Sonsz K., Einabadix F., Herhut S., Slusallek P."  $ reviewer3 $ (1,)
 "Usability evaluation of configuration-based API design concepts"  $ "Scheller T., Kühn E."  $ reviewer3 $ ()
 "Comparison and evaluation of source code mining tools and techniques: A qualitative approach"  $ "Khatoon S., Li G., Mahmood A."  $ reviewer3 $ (1,)
 "EvalBench: A software library for visualization evaluation"  $ "Aigner W., Hoffmann S., Rind A."  $ reviewer3 $ (4,)
 "Analyzing the eclipse API usage: Putting the developer in the loop"  $ "Businge J., Serebrenik A., Van Den Brand M."  $ reviewer3 $ ()
 "Enhancing access to standardized clinical application for mobile interfaces"  $ "Parashar H.J., Sachdeva S., Batra S."  $ reviewer3 $ (3,)
 "Influence of code completion methods on the usability of APIs"  $ "Scheller T., Kühn E."  $ reviewer3 $ ()
 "Three-dimensional (3D) bio-cad modeling of human knee"  $ "Ameddah H., Assas M."  $ reviewer3 $ (1,)
 "Empirical evidence of large-scale diversity in API usage of object-oriented software"  $ "Mendez D., Baudry B., Monperrus M."  $ reviewer3 $ ()
 "Using clouds for MapReduce measurement assignments"  $ "Rabkin A., Reiss C., Katz R., Patterson D."  $ reviewer3 $ (1,)
 "Runtime invocation analysis of API objects in large code base"  $ "Khan M.A., Muhammad S., Muhammad T."  $ reviewer3 $ (1,)
 "Azure BOT: A framework for bag-of-tasks applications on the azure cloud platform"  $ "Agarwal D., Prasad S.K."  $ reviewer3 $ (3,)
 "Performance of CPU/GPU compiler directives on ISO/TTI kernels"  $ "Ghosh S., Liao T., Calandra H., Chapman B.M."  $ reviewer3 $ (1,)
 "Contributions to visualization algorithm enabling GPU-accelerated image displaying for dual panel high dynamic range LCD display"  $ "Szydzik T., Nunez A., De Paepe L., Albani L."  $ reviewer3 $ (1,)
 "Usable results from the field of API usability: A systematic mapping and further analysis"  $ "Burns C., Ferreira J., Hellmann T.D., Maurer F."  $ reviewer3 $ ()
 "DroidLogger: Reveal suspicious behavior of Android applications via instrumentation"  $ "Dai S., Wei T., Zou W."  $ reviewer3 $ ()
 "Measuring software library stability through historical version analysis"  $ "Raemaekers S., Van Deursen A., Visser J."  $ reviewer3 $ ()
 "Using OpenMP superscalar for parallelization of embedded and consumer applications"  $ "Andersch M., Chi C.C., Juurlink B."  $ reviewer3 $ (1,)
 "Temanejo: Debugging of thread-based task-parallel programs in StarSS"  $ "Keller R., Brinkmann S., Gracia J., Niethammer C."  $ reviewer3 $ (2,)
 "Open source pipeline for ESPaDOnS reduction and analysis"  $ "Martioli E., Teeple D., Manset N., Devost D., Withington K., Venne A., Tannock M."  $ reviewer3 $ (1,)
 "Ontology Library: A new approach for storing, searching and discovering ontologies"  $ "Kotowski D., Stacey D.A."  $ reviewer3 $ (1,)
 "E-health oriented application for mobile phones"  $ "Podziewski A., Litwiniuk K., Legierski J."  $ reviewer3 $ (1,)
 "Proceedings of the 1st ACM SIGSPATIAL International Workshop on Mobile Geographic Information Systems, MobiGIS 2012 - In Conjunction with the 20th ACM SIGSPATIAL International Conference on Advances in Geographic Information Systems, GIS 2012"  $ "[No author name available]"  $ reviewer3 $ (4,)
 "Human-Centered Software Engineering - 4th International Conference, HCSE 2012, Proceedings"  $ "[No author name available]"  $ reviewer3 $ (4,)
 "Methods towards API usability: A structural analysis of usability problem categories"  $ "Grill T., Polacek O., Tscheligi M."  $ reviewer3 $ ()
 "SAP remote communications"  $ "Selmeci A., Orosz T."  $ reviewer3 $ (1,)
 "Typestate-based semantic code search over partial programs"  $ "Mishne A., Shoham S., Yahav E."  $ reviewer3 $ ()
 "The Ruby UCSC API: Accessing the UCSC genome database using Ruby"  $ "Mishima H., Aerts J., Katayama T., Bonnal R.J.P., Yoshiura K.-I."  $ reviewer3 $ (1,)
 "Evaluating forum discussions to inform the design of an API critic"  $ "Rupakheti C.R., Hou D."  $ reviewer3 $ ()
 "Temporal analysis of API usage concepts"  $ "Uddin G., Dagenais B., Robillard M.P."  $ reviewer3 $ ()
 "Graph-based pattern-oriented, context-sensitive source code completion"  $ "Nguyen A.T., Nguyen T.T., Nguyen H.A., Tamrawi A., Nguyen H.V., Al-Kofahi J., Nguyen T.N."  $ reviewer3 $ (1,)
 "Statically checking API protocol conformance with mined multi-object specifications"  $ "Pradel M., Jaspan C., Aldrich J., Gross T.R."  $ reviewer3 $ (1,)
 "Synthesizing API usage examples"  $ "Buse R.P.L., Weimer W."  $ reviewer3 $ ()
 "Middleware-based distributed data acquisition and control in smart home networks"  $ "Wu Y., Shao P."  $ reviewer3 $ (1,)
 "@tComment: Testing javadoc comments to detect comment-code inconsistencies"  $ "Tan S.H., Marinov D., Tan L., Leavens G.T."  $ reviewer3 $ (1,)
 "Mining quantified temporal rules: Formalism, algorithms, and evaluation"  $ "Lo D., Ramalingam G., Ranganath V.-P., Vaswani K."  $ reviewer3 $ ()
 "A qualitative human-centric evaluation of flexibility in middleware implementations"  $ "Maia R., Cerqueira R., De Souza C.S., Guisasola-Gorham T."  $ reviewer3 $ (1,)
 "Verifying compiled file system code"  $ "Mühlberg J.T., Lüttgen G."  $ reviewer3 $ (1,)
 "Libtrace: A packet capture and analysis library"  $ "Alcock S., Lorier P., Nelson R."  $ reviewer3 $ (1,)
 "A WPAN platform design in mobile phone considering application development and usability"  $ "Kim I.-H., Jeong G.-M., Park E.-C., Chung K.-D."  $ reviewer3 $ (1,)
 "Detecting API usage patterns from software repositories using method categorization"  $ "Akbar R.J., Omori T., Maruyama K."  $ reviewer3 $ ()
 "How to increase the role of users in evaluating the quality of use of a system [Comment accroître le rôle des utilisateurs dans l'évaluation de la qualité d'utilisation d'un système]"  $ "Saulnier A., Courounet P., Viaud M.L."  $ reviewer3 $ (2,)
 "A parallel meshless numerical approach for the solution of transport phenomena"  $ "Kosec G., Trobec R."  $ reviewer3 $ (3,)
 "Retrieving reusable software components using enhanced representation of domain knowledge"  $ "Alnusair A., Zhao T."  $ reviewer3 $ (2,)
 "Adding meaning to facebook microposts via a mash-up API and tracking its data provenance"  $ "Steiner T., Verborgh R., Vallés J.G., Van De Walle R."  $ reviewer3 $ (1,)
 "Structural conformance checking with design tests: An evaluation of usability and calability"  $ "Brunet J., Serey D., Figueiredo J."  $ reviewer3 $ (1,)
 "Measurable concepts for the usability of software components"  $ "Scheller T., Kühn E."  $ reviewer3 $ ()
 "Recommending proper API code examples for documentation purpose"  $ "Mar L.W., Wu Y.-C., Jiau H.C."  $ reviewer3 $ ()
 "Analytical study of parallel and distributed image processing"  $ "Prajapati H.B., Vij S.K."  $ reviewer3 $ (1,)
 "Accessing cloud through API in a more secure and usable way"  $ "Lu H.K."  $ reviewer3 $ (1,)
 "Comparison of Google maps API and openlayers for WebGIS development"  $ "Huang P.-Y., Jan J.-F."  $ reviewer3 $ (2,)
 "Work in progress - Development and integration of an online soil mapping Web application"  $ "Kocur L.A., Glotzbach R.J., Schulze D.G., Miller C.C."  $ reviewer3 $ (1,)
 "A multilingual chat system with image presentation for detecting mistranslation"  $ "Hosogai E., Mukai T., Jung S., Kowase Y., Bossard A., Xu Y., Ishikawa M., Kaneko K."  $ reviewer3 $ (1,)
 "Development of CAN-1394 automotive gateway system using designed modular software stack"  $ "Park P., Jung J., Huh B."  $ reviewer3 $ (1,)
 "Dynamic analysis of enterprise business scenarios"  $ "Budnik L., Krawczyk H."  $ reviewer3 $ (1,)
 "An evaluation of source code mining techniques"  $ "Khatoon S., Mahmood A., Li G."  $ reviewer3 $ ()
 "Library management system in a laboratory scale cooperated with book seller sites"  $ "Kawagoi K., Tominaga H."  $ reviewer3 $ (1,)
 "OpenMPspy: Leveraging quality assurance for parallel software"  $ "Pankratius V., Knittel F., Masing L., Walser M."  $ reviewer3 $ (1,)
 "Detecting resource leaks through dynamical mining of resource usage patterns"  $ "Zhang H., Wu G., Chow K., Yu Z., Xing X."  $ reviewer3 $ (1,)
 "Juggle: Proactive load balancing on multicore computers"  $ "Hofmeyr S., Colmenares J.A., Iancu C., Kubiatowicz J."  $ reviewer3 $ (1,)
 "Correct code containing containers"  $ "Dross C., Filliâtre J.-C., Moy Y."  $ reviewer3 $ (1,)
 "The concept maps method as a tool to evaluate the usability of APIs"  $ "Gerken J., Jetter H.-C., Zöllner M., Mader M., Reiterer H."  $ reviewer3 $ ()
 "MACs: Mining API code snippets for code reuse"  $ "Hsu S.-K., Lin S.-J."  $ reviewer3 $ (1,)
 "A framework to develop meta web interfaces"  $ "Leal J.P., Dias H."  $ reviewer3 $ (1,)
 "SAGA-based user environment for distributed computing resources: A universal grid solution over multi-middleware infrastructures"  $ "Iwai G., Kawai Y., Sasaki T., Watase Y."  $ reviewer3 $ ()
 "A framework for the evaluation of specification miners based on finite state machines"  $ "Pradel M., Bichsel P., Gross T.R."  $ reviewer3 $ (1,)
 "SAGA-based file access application over multi-filesystem middleware"  $ "Kawai Y., Iwai G., Sasaki T., Watase Y."  $ reviewer3 $ (1,)
 "Learning from 6,000 projects: Mining models in the large"  $ "Zeller A."  $ reviewer3 $ ()
 "Mining source code for structural regularities"  $ "Lozano A., Kellens A., Mens K., Arevalo G."  $ reviewer3 $ (1,)
 "Analysis on social network adoption according to the change of network topology: The impact of ""Open API"" to adoption of facebook"  $ "Jung G., Lee B."  $ reviewer3 $ (1,)
 "Open exposure of telco capabilities: Identification of critical success factors for location-based services in open telco"  $ "Suikkola V."  $ reviewer3 $ (1,)
 "2010 6th Central and Eastern European Software Engineering Conference, CEE-SECR 2010"  $ "[No author name available]"  $ reviewer3 $ (4,)
 "Web4Desktop, a framework for improving the usability of web applications"  $ "Carstoiu B., Carstoiu D."  $ reviewer3 $ (1,)
 "q-Anon: Rethinking anonymity for social networks"  $ "Beach A., Gartrell M., Han R."  $ reviewer3 $ (1,)
 "Liquid diagrams: Information visualisation gadgets"  $ "Andrews K., Lessacher M."  $ reviewer3 $ (1,)
 "Towards an intelligent code search engine"  $ "Kim J., Lee S., Hwang S.-W., Kim S."  $ reviewer3 $ ()
 "A graph-based approach to API usage adaptation"  $ "Nguyen H.A., Nguyen T.T., Wilson Jr. G., Nguyen A.T., Kim M., Nguyen T.N."  $ reviewer3 $ ()
 "User interface model discovery: Towards a generic approach"  $ "Gimblett A., Thimbleby H."  $ reviewer3 $ (1,)
 "2010 ICSE Workshop on Search-Driven Development: Users, Infrastructure, Tools and Evaluation, SUITE 2010"  $ "[No author name available]"  $ reviewer3 $ (4,)
 "Finding error handling bugs in OpenSSL using Coccinelle"  $ "Lawall J., Laurie B., Hansen R.R., Palix N., Muller G."  $ reviewer3 $ (1,)
 "API usability peer reviews: A method for evaluating the usability of application programming interfaces"  $ "Farooq U., Welicki L., Zirkler D."  $ reviewer3 $ ()
 "The mobile LBS positioning solution based on NRTK and Windows Mobile"  $ "Liao Z., Duan X., Lu J., Yue X., Liu W., He Q."  $ reviewer3 $ (1,)
 "Using concept maps to evaluate the usability of APIs"  $ "Gerken J., Jetter H.-C., Reiterer H."  $ reviewer3 $ ()
 "Unifying isolated sensor systems using web 2.0 and open standards"  $ "Resseguie D., Fairgrieve S."  $ reviewer3 $ (1,)
 "Automatically identifying targets users interact with during real world tasks"  $ "Hurst A., Hudson S.E., Mankoff J."  $ reviewer3 $ (1,)
 "Studying the Documentation of an API for Enterprise ServiceOriented Architecture"  $ "Myers B.A., Jeong S.Y., Xie Y., Beaton J., Stylos J., Ehret R., Karstens J., Efeoglu A., Busse D.K."  $ reviewer3 $ ()
 "Ulmo: A system to enable mobile applications personalization by binary SMS"  $ "Teófilo M., Martini A., Cruz P."  $ reviewer3 $ (1,)
 "Verifying compiled file system code"  $ "Mühlberg J.T., Lüttgen G."  $ reviewer3 $ (1,)
 "Improving API usage through automatic detection of redundant code"  $ "Kawrykow D., Robillard M.P."  $ reviewer3 $ ()
 "Blunting differential attacks on PIN processing APIs"  $ "Focardi R., Luccio F.L., Steel G."  $ reviewer3 $ (1,)
 "InSeRt - An intent-based service request API for service exposure in Next Generation Networks"  $ "Blum N., Dutkowski S., Magedanz T."  $ reviewer3 $ (1,)
 "Automatic generation of object usage specifications from large method traces"  $ "Pradel M., Gross T.R."  $ reviewer3 $ (1,)
 "Beyond programmable shading (parts I and II)"  $ "Lefohn A., Houston M., Andersson J., Assarsson U., Everitt C., Fatahalian K., Foley T., Hensley J., Lalonde P., Luebke D."  $ reviewer3 $ (2,)
 "The developer is the enemy"  $ "Wurster G., Van Oorschot P.C."  $ reviewer3 $ (1,)
 "A sign language screen reader for deaf"  $ "Ghoul O.E., Jemni M."  $ reviewer3 $ (1,)
 "CLIMA: A weather generator framework"  $ "Donatelli M., Bellocchi G., Habyarimana E., Bregaglio S., Confalonieri R., Baruth B."  $ reviewer3 $ (1,)
 "WYSIWIB: A declarative approach to finding API protocols and bugs in linux code"  $ "Lawall J.L., Brunel J., Palix N., Hansen R.R., Stuart H., Muller G."  $ reviewer3 $ (1,)
 "Developing a GroupNet system to solve groupthink problem"  $ "Chen N.-S., Wei C.-W., Chen W.-S."  $ reviewer3 $ (1,)
 "What makes APIs hard to learn? answers from developers"  $ "Robillard M.P."  $ reviewer3 $ ()
 "Automatic evaluation of API usability using complexity metrics and visualizations"  $ "De Souza C.R.B., Bentolila D.L.M."  $ reviewer3 $ ()
 "Analysing PKCS#11 key management APIs with unbounded fresh data"  $ "Fröschle S., Steel G."  $ reviewer3 $ (1,)
 "Concurrency vulnerabilities"  $ "Burns A., Wettings A.J."  $ reviewer3 $ (1,)
 "MaeRobot: An open source test platform for prototyping robots"  $ "De F. O. Araújo T., De S. Falc̃ao M.A., Lima A.M.N., Loureiro C.F.C.L."  $ reviewer3 $ (1,)
 "Mining library specifications using inductive logic programming"  $ "Sankaranarayanan S., Ivančić F., Gupta A."  $ reviewer3 $ ()
 "PLURAL: Checking protocol compliance under aliasing"  $ "Bierhoff K., Aldrich J."  $ reviewer3 $ (1,)
 "On evaluating recommender systems for API usages"  $ "Bruch M., Schäfer T., Mezini M."  $ reviewer3 $ ()
 "Using GCC instead of grep and sed"  $ "Glek T., Mandelin D."  $ reviewer3 $ (1,)
 "Iterative design and evaluation of an event architecture for pen-and-paper interfaces"  $ "Yeh R.B., Paepcke A., Klemmer S.R."  $ reviewer3 $ (1,)
 "Software structure for Vega/Chara instrument"  $ "Clausse J.-M., Fizeau A.H."  $ reviewer3 $ (1,)
 "The implications of method placement on API learnability"  $ "Stylos J., Myers B.A."  $ reviewer3 $ ()
 "Usability and implementation experiences with cots products used as a distributed client platform"  $ "Wagner S., Nielsen C.C."  $ reviewer3 $ (1,)
 "Usability challenges for enterprise service-oriented architecture APIs"  $ "Beaton J., Jeong S.Y., Xie Y., Stylos J., Myers B.A."  $ reviewer3 $ ()
 "A case study of API redesign for improved usability"  $ "Stylos J., Graf B., Busse D.K., Ziegler C., Ehret R., Karstens J."  $ reviewer3 $ ()
 "oDect: an RFID-based object detection API to support applications development on mobile devices"  $ "Bellotti F., Berta R., Margarone M., De Gloria A."  $ reviewer3 $ (1,)
 "An adaptive parallel pipeline pattern for grids"  $ "González-Vélez H., Cole M."  $ reviewer3 $ (1,)
 "ProCope - Protein complex prediction and evaluation"  $ "Krumsiek J., Friedel C.C., Zimmer R."  $ reviewer3 $ (1,)
 "Indexing the Java API using source code"  $ "Homan M., Amor R., Tempero E."  $ reviewer3 $ ()
 "REVENTS: Facilitating event-driven distributed HPC applications"  $ "Kurzyniec D., Sunderam V., Sławińska M."  $ reviewer3 $ (1,)
 "Effective typestate verification in the presence of aliasing"  $ "Fink S.J., Yahav E., Dor N., Ramalingam G., Geay E."  $ reviewer3 $ (1,)
 "Development of routing application of SCA-based software defined radio"  $ "Jian S., Wei G."  $ reviewer3 $ (1,)
 "Certification tools of ubiquitous mobile platform"  $ "Lee S.-Y., Choi B.-U."  $ reviewer3 $ (1,)
 "Mapping the space of API design decisions"  $ "Stylos J., Myers B."  $ reviewer3 $ ()
 "A distributed parallel computing environment for bioinformatics problems"  $ "Xu G., Lu F., Yu H., Xu Z."  $ reviewer3 $ (1,)
 "Constructing usage scenarios for API redocumentation"  $ "Juanjuan J., Koskinen J., Ruokonen A., Systä T."  $ reviewer3 $ ()
 "The factory pattern in API design: A usability evaluation"  $ "Ellis B., Stylos J., Myers B."  $ reviewer3 $ ()
 "DiamondHelp: A generic collaborative task guidance system"  $ "Rich C., Sidner C.L."  $ reviewer3 $ (1,)
 "Advantages of using language integrated queries technology"  $ "Mitter F., Stopper M."  $ reviewer3 $ (1,)
 "Proceedings of the 2006 International Workshop on Mining Software Repositories, MSR '06, Co-located with the 28th International Conference on Software Engineering, ICSE 2006"  $ "[No author name available]"  $ reviewer3 $ (3,)
 "Virtual manufacturing of milling operations with multiple tool paths"  $ "Sormaz D.N., Pisipati D.V., Borse P.A."  $ reviewer3 $ (1,)
 "Effective typestate verification in the presence of aliasing"  $ "Fink S., Yahav E., Dor N., Ramalingam G., Geav E."  $ reviewer3 $ (1,)
 "Innovative approach for emission monitoring and control"  $ "Gokhale P.S."  $ reviewer3 $ (1,)
 "Development and evaluation of different methods to assess download and display time of image web systems"  $ "Pietsch M., Schlaefke A., Vogl T.J., Bergh B."  $ reviewer3 $ (1,)
 "Transparent adaptation of single-user applications for multi-user real-time collaboration"  $ "Sun C., Xia S., Sun D., Chen D., Shen H., Cai W."  $ reviewer3 $ (1,)
 "Web-based design and manufacturing systems for micromachining: Comparison of architecture and usability"  $ "Kim H.-J., Chu W.-S., Ahn S.-H., Kim D.-S., Jun C.-S."  $ reviewer3 $ (1,)
 "An adaptive algorithm for active queue management"  $ "Wang C., Lin Y., Sohraby K., Li B."  $ reviewer3 $ (1,)
 "Open application environments in mobile devices: Focus on JME and Ericsson Mobile Platforms"  $ "Ghosh A., Olsson M., Persson P."  $ reviewer3 $ (1,)
 "GeNGA, a generic contract negotiation model [GeNGA, un modèle général de négociation de contrats]"  $ "Mathieu P., Verrons M.-H."  $ reviewer3 $ (4,)
 "New user-guided and ckpt-based checkpointing libraries for parallel MPI applications"  $ "Czarnul P., Fra̧czak M."  $ reviewer3 $ (1,)
 "Development of a new interchangeable virtual instrument class specification"  $ "Kennedy C."  $ reviewer3 $ (1,)
 "caBIONet - A .NET wrapper to access and process genomic data stored at the National Cancer Institute's Center for Bioinformatics databases"  $ "Kraj P., McIndoe R.A."  $ reviewer3 $ (0,)
 "GPU-based trimming and tessellation of NURBS and T-Spline surfaces"  $ "Guthe M., Balázs Á., Klein R."  $ reviewer3 $ (1,)
 "Demonstrating information in simple gestures"  $ "Pastel R., Skalsky N."  $ reviewer3 $ (1,)
 "Explaining answers from the semantic web: The inference web approach"  $ "McGuinness D.L., Da Silva P.P."  $ reviewer3 $ (0,)
 "A flexible transition scheme within a dual stack host in IPv4/IPv6 coexistence phase"  $ "Lee H.-C., Kim H.-J., Park K.-S."  $ reviewer3 $ (0,)
 "Software for the Next-Generation Automobile"  $ "Simonds C."  $ reviewer3 $ (1,)
 "The SLAM project: Debugging system software via static analysis"  $ "Ball T., Rajamani S.K."  $ reviewer3 $ ()
 "ARLib: The augmented library"  $ "Umlauf E.J., Piringer H., Reitmayr G., Schmalstieg D."  $ reviewer3 $ (1,)
 "Usability and software architecture"  $ "John B.E., Bass L."  $ reviewer3 $ (1,)
 "The GIOD project - Globally interconnected object databases"  $ "Bunn J.J., Holtman K., Newman H.B., Wilkinson R.P."  $ reviewer3 $ (1,)
 "Consistent integration of formal methods"  $ "Braun P., Lötzbeyer H., Schätz B., Slotosch O."  $ reviewer3 $ (1,)
 "Snap-together visualization: Can users construct and operate coordinated visualizations?"  $ "North C., Shneiderman B."  $ reviewer3 $ (1,)
 "The view-cube: An efficient method of view planning for 3D modelling from range data"  $ "Klein K., Sequeira V."  $ reviewer3 $ (0,)
 "Snap-Together Visualization: A user interface for coordinating visualizations via relational schemata"  $ "North Chris, Shneiderman Ben"  $ reviewer3 $ (0,)
 "Building more usable APIs"  $ "McLellan S.G., Roesler A.W., Tempest J.T., Spinuzzi C.I."  $ reviewer3 $ ()
 "Proceedings of the 1998 International Conference on Intelligent User Interfaces, IUI"  $ "[No author name available]"  $ reviewer3 $ (4,)
 "Parallel I/O architecture of the High-Performance Storage System (HPSS)"  $ "Watson Richard W., Coyne Robert A."  $ reviewer3 $ (1,)
 "Software development environments for massively parallel systems"  $ "Castelli G."  $ reviewer3 $ (1,)
